[0.037s] Invoking command in '/home/telemaque/maze_ws/build/maze_msgs': /usr/bin/cmake /home/telemaque/maze_ws/src/maze_msgs -DROS_DISTRO=jazzy -DAMENT_CMAKE_SYMLINK_INSTALL=1 -DCMAKE_INSTALL_PREFIX=/home/telemaque/maze_ws/install/maze_msgs
[0.099s] [31mCMake Error at CMakeLists.txt:8 (find_package):
[0.099s]   By not providing "Findament_cmake.cmake" in CMAKE_MODULE_PATH this project
[0.100s]   has asked CMake to find a package configuration file provided by
[0.100s]   "ament_cmake", but CMake did not find one.
[0.100s] 
[0.101s]   Could not find a package configuration file provided by "ament_cmake" with
[0.101s]   any of the following names:
[0.101s] 
[0.102s]     ament_cmakeConfig.cmake
[0.102s]     ament_cmake-config.cmake
[0.102s] 
[0.104s]   Add the installation prefix of "ament_cmake" to CMAKE_PREFIX_PATH or set
[0.105s]   "ament_cmake_DIR" to a directory containing one of the above files.  If
[0.107s]   "ament_cmake" provides a separate development package or SDK, be sure it
[0.108s]   has been installed.
[0.108s] 
[0.108s] [0m
[0.109s] -- Configuring incomplete, errors occurred!
[0.109s] See also "/home/telemaque/maze_ws/build/maze_msgs/CMakeFiles/CMakeOutput.log".
[0.146s] Invoked command in '/home/telemaque/maze_ws/build/maze_msgs' returned '1': /usr/bin/cmake /home/telemaque/maze_ws/src/maze_msgs -DROS_DISTRO=jazzy -DAMENT_CMAKE_SYMLINK_INSTALL=1 -DCMAKE_INSTALL_PREFIX=/home/telemaque/maze_ws/install/maze_msgs
