[0.240s] DEBUG:colcon:Command line arguments: ['/usr/bin/colcon', 'build', '--packages-select', 'ros2_px4_drone']
[0.240s] DEBUG:colcon:Parsed command line arguments: Namespace(log_base=None, log_level=None, verb_name='build', build_base='build', install_base='install', merge_install=False, symlink_install=False, test_result_base=None, continue_on_error=False, executor='parallel', parallel_workers=12, event_handlers=None, ignore_user_meta=False, metas=['./colcon.meta'], base_paths=['.'], packages_ignore=None, packages_ignore_regex=None, paths=None, packages_up_to=None, packages_up_to_regex=None, packages_above=None, packages_above_and_dependencies=None, packages_above_depth=None, packages_select_by_dep=None, packages_skip_by_dep=None, packages_skip_up_to=None, packages_select_build_failed=False, packages_skip_build_finished=False, packages_select_test_failures=False, packages_skip_test_passed=False, packages_select=['ros2_px4_drone'], packages_skip=None, packages_select_regex=None, packages_skip_regex=None, packages_start=None, packages_end=None, allow_overriding=[], cmake_args=None, cmake_target=None, cmake_target_skip_unavailable=False, cmake_clean_cache=False, cmake_clean_first=False, cmake_force_configure=False, ament_cmake_args=None, catkin_cmake_args=None, catkin_skip_building_tests=False, verb_parser=<colcon_defaults.argument_parser.defaults.DefaultArgumentsDecorator object at 0x727d8be53580>, verb_extension=<colcon_core.verb.build.BuildVerb object at 0x727d8bf3e020>, main=<bound method BuildVerb.main of <colcon_core.verb.build.BuildVerb object at 0x727d8bf3e020>>)
[0.482s] Level 1:colcon.colcon_core.package_discovery:discover_packages(colcon_meta) check parameters
[0.483s] Level 1:colcon.colcon_core.package_discovery:discover_packages(recursive) check parameters
[0.483s] Level 1:colcon.colcon_core.package_discovery:discover_packages(ignore) check parameters
[0.483s] Level 1:colcon.colcon_core.package_discovery:discover_packages(path) check parameters
[0.483s] Level 1:colcon.colcon_core.package_discovery:discover_packages(colcon_meta) discover
[0.483s] Level 1:colcon.colcon_core.package_discovery:discover_packages(recursive) discover
[0.483s] INFO:colcon.colcon_core.package_discovery:Crawling recursively for packages in '/home/telemaque/RL_finalproject'
[0.483s] Level 1:colcon.colcon_core.package_identification:_identify(.) by extensions ['ignore', 'ignore_ament_install']
[0.483s] Level 1:colcon.colcon_core.package_identification:_identify(.) by extension 'ignore'
[0.483s] Level 1:colcon.colcon_core.package_identification:_identify(.) by extension 'ignore_ament_install'
[0.483s] Level 1:colcon.colcon_core.package_identification:_identify(.) by extensions ['colcon_pkg']
[0.483s] Level 1:colcon.colcon_core.package_identification:_identify(.) by extension 'colcon_pkg'
[0.483s] Level 1:colcon.colcon_core.package_identification:_identify(.) by extensions ['colcon_meta']
[0.483s] Level 1:colcon.colcon_core.package_identification:_identify(.) by extension 'colcon_meta'
[0.483s] Level 1:colcon.colcon_core.package_identification:_identify(.) by extensions ['ros']
[0.483s] Level 1:colcon.colcon_core.package_identification:_identify(.) by extension 'ros'
[0.533s] Level 1:colcon.colcon_core.package_identification:_identify(.) by extensions ['cmake', 'python']
[0.534s] Level 1:colcon.colcon_core.package_identification:_identify(.) by extension 'cmake'
[0.534s] Level 1:colcon.colcon_core.package_identification:_identify(.) by extension 'python'
[0.534s] Level 1:colcon.colcon_core.package_identification:_identify(.) by extensions ['python_setup_py']
[0.534s] Level 1:colcon.colcon_core.package_identification:_identify(.) by extension 'python_setup_py'
[0.534s] Level 1:colcon.colcon_core.package_identification:_identify(aruco_ros) by extensions ['ignore', 'ignore_ament_install']
[0.534s] Level 1:colcon.colcon_core.package_identification:_identify(aruco_ros) by extension 'ignore'
[0.534s] Level 1:colcon.colcon_core.package_identification:_identify(aruco_ros) by extension 'ignore_ament_install'
[0.534s] Level 1:colcon.colcon_core.package_identification:_identify(aruco_ros) by extensions ['colcon_pkg']
[0.534s] Level 1:colcon.colcon_core.package_identification:_identify(aruco_ros) by extension 'colcon_pkg'
[0.534s] Level 1:colcon.colcon_core.package_identification:_identify(aruco_ros) by extensions ['colcon_meta']
[0.534s] Level 1:colcon.colcon_core.package_identification:_identify(aruco_ros) by extension 'colcon_meta'
[0.534s] Level 1:colcon.colcon_core.package_identification:_identify(aruco_ros) by extensions ['ros']
[0.534s] Level 1:colcon.colcon_core.package_identification:_identify(aruco_ros) by extension 'ros'
[0.534s] Level 1:colcon.colcon_core.package_identification:_identify(aruco_ros) by extensions ['cmake', 'python']
[0.534s] Level 1:colcon.colcon_core.package_identification:_identify(aruco_ros) by extension 'cmake'
[0.534s] Level 1:colcon.colcon_core.package_identification:_identify(aruco_ros) by extension 'python'
[0.534s] Level 1:colcon.colcon_core.package_identification:_identify(aruco_ros) by extensions ['python_setup_py']
[0.534s] Level 1:colcon.colcon_core.package_identification:_identify(aruco_ros) by extension 'python_setup_py'
[0.535s] Level 1:colcon.colcon_core.package_identification:_identify(aruco_ros/aruco) by extensions ['ignore', 'ignore_ament_install']
[0.535s] Level 1:colcon.colcon_core.package_identification:_identify(aruco_ros/aruco) by extension 'ignore'
[0.535s] Level 1:colcon.colcon_core.package_identification:_identify(aruco_ros/aruco) by extension 'ignore_ament_install'
[0.535s] Level 1:colcon.colcon_core.package_identification:_identify(aruco_ros/aruco) by extensions ['colcon_pkg']
[0.535s] Level 1:colcon.colcon_core.package_identification:_identify(aruco_ros/aruco) by extension 'colcon_pkg'
[0.535s] Level 1:colcon.colcon_core.package_identification:_identify(aruco_ros/aruco) by extensions ['colcon_meta']
[0.535s] Level 1:colcon.colcon_core.package_identification:_identify(aruco_ros/aruco) by extension 'colcon_meta'
[0.535s] Level 1:colcon.colcon_core.package_identification:_identify(aruco_ros/aruco) by extensions ['ros']
[0.535s] Level 1:colcon.colcon_core.package_identification:_identify(aruco_ros/aruco) by extension 'ros'
[0.538s] DEBUG:colcon.colcon_core.package_identification:Package 'aruco_ros/aruco' with type 'ros.ament_cmake' and name 'aruco'
[0.538s] Level 1:colcon.colcon_core.package_identification:_identify(aruco_ros/aruco_msgs) by extensions ['ignore', 'ignore_ament_install']
[0.538s] Level 1:colcon.colcon_core.package_identification:_identify(aruco_ros/aruco_msgs) by extension 'ignore'
[0.538s] Level 1:colcon.colcon_core.package_identification:_identify(aruco_ros/aruco_msgs) by extension 'ignore_ament_install'
[0.538s] Level 1:colcon.colcon_core.package_identification:_identify(aruco_ros/aruco_msgs) by extensions ['colcon_pkg']
[0.538s] Level 1:colcon.colcon_core.package_identification:_identify(aruco_ros/aruco_msgs) by extension 'colcon_pkg'
[0.538s] Level 1:colcon.colcon_core.package_identification:_identify(aruco_ros/aruco_msgs) by extensions ['colcon_meta']
[0.538s] Level 1:colcon.colcon_core.package_identification:_identify(aruco_ros/aruco_msgs) by extension 'colcon_meta'
[0.538s] Level 1:colcon.colcon_core.package_identification:_identify(aruco_ros/aruco_msgs) by extensions ['ros']
[0.538s] Level 1:colcon.colcon_core.package_identification:_identify(aruco_ros/aruco_msgs) by extension 'ros'
[0.539s] DEBUG:colcon.colcon_core.package_identification:Package 'aruco_ros/aruco_msgs' with type 'ros.ament_cmake' and name 'aruco_msgs'
[0.539s] Level 1:colcon.colcon_core.package_identification:_identify(aruco_ros/aruco_ros) by extensions ['ignore', 'ignore_ament_install']
[0.539s] Level 1:colcon.colcon_core.package_identification:_identify(aruco_ros/aruco_ros) by extension 'ignore'
[0.540s] Level 1:colcon.colcon_core.package_identification:_identify(aruco_ros/aruco_ros) by extension 'ignore_ament_install'
[0.540s] Level 1:colcon.colcon_core.package_identification:_identify(aruco_ros/aruco_ros) by extensions ['colcon_pkg']
[0.540s] Level 1:colcon.colcon_core.package_identification:_identify(aruco_ros/aruco_ros) by extension 'colcon_pkg'
[0.540s] Level 1:colcon.colcon_core.package_identification:_identify(aruco_ros/aruco_ros) by extensions ['colcon_meta']
[0.540s] Level 1:colcon.colcon_core.package_identification:_identify(aruco_ros/aruco_ros) by extension 'colcon_meta'
[0.540s] Level 1:colcon.colcon_core.package_identification:_identify(aruco_ros/aruco_ros) by extensions ['ros']
[0.540s] Level 1:colcon.colcon_core.package_identification:_identify(aruco_ros/aruco_ros) by extension 'ros'
[0.541s] DEBUG:colcon.colcon_core.package_identification:Package 'aruco_ros/aruco_ros' with type 'ros.ament_cmake' and name 'aruco_ros'
[0.541s] Level 1:colcon.colcon_core.package_identification:_identify(build) by extensions ['ignore', 'ignore_ament_install']
[0.541s] Level 1:colcon.colcon_core.package_identification:_identify(build) by extension 'ignore'
[0.541s] Level 1:colcon.colcon_core.package_identification:_identify(build) ignored
[0.542s] Level 1:colcon.colcon_core.package_identification:_identify(install) by extensions ['ignore', 'ignore_ament_install']
[0.542s] Level 1:colcon.colcon_core.package_identification:_identify(install) by extension 'ignore'
[0.542s] Level 1:colcon.colcon_core.package_identification:_identify(install) ignored
[0.542s] Level 1:colcon.colcon_core.package_identification:_identify(log) by extensions ['ignore', 'ignore_ament_install']
[0.542s] Level 1:colcon.colcon_core.package_identification:_identify(log) by extension 'ignore'
[0.542s] Level 1:colcon.colcon_core.package_identification:_identify(log) ignored
[0.542s] Level 1:colcon.colcon_core.package_identification:_identify(m-explore-ros2) by extensions ['ignore', 'ignore_ament_install']
[0.542s] Level 1:colcon.colcon_core.package_identification:_identify(m-explore-ros2) by extension 'ignore'
[0.542s] Level 1:colcon.colcon_core.package_identification:_identify(m-explore-ros2) by extension 'ignore_ament_install'
[0.542s] Level 1:colcon.colcon_core.package_identification:_identify(m-explore-ros2) by extensions ['colcon_pkg']
[0.542s] Level 1:colcon.colcon_core.package_identification:_identify(m-explore-ros2) by extension 'colcon_pkg'
[0.542s] Level 1:colcon.colcon_core.package_identification:_identify(m-explore-ros2) by extensions ['colcon_meta']
[0.542s] Level 1:colcon.colcon_core.package_identification:_identify(m-explore-ros2) by extension 'colcon_meta'
[0.542s] Level 1:colcon.colcon_core.package_identification:_identify(m-explore-ros2) by extensions ['ros']
[0.542s] Level 1:colcon.colcon_core.package_identification:_identify(m-explore-ros2) by extension 'ros'
[0.542s] Level 1:colcon.colcon_core.package_identification:_identify(m-explore-ros2) by extensions ['cmake', 'python']
[0.542s] Level 1:colcon.colcon_core.package_identification:_identify(m-explore-ros2) by extension 'cmake'
[0.543s] Level 1:colcon.colcon_core.package_identification:_identify(m-explore-ros2) by extension 'python'
[0.543s] Level 1:colcon.colcon_core.package_identification:_identify(m-explore-ros2) by extensions ['python_setup_py']
[0.543s] Level 1:colcon.colcon_core.package_identification:_identify(m-explore-ros2) by extension 'python_setup_py'
[0.543s] Level 1:colcon.colcon_core.package_identification:_identify(m-explore-ros2/explore) by extensions ['ignore', 'ignore_ament_install']
[0.543s] Level 1:colcon.colcon_core.package_identification:_identify(m-explore-ros2/explore) by extension 'ignore'
[0.543s] Level 1:colcon.colcon_core.package_identification:_identify(m-explore-ros2/explore) by extension 'ignore_ament_install'
[0.543s] Level 1:colcon.colcon_core.package_identification:_identify(m-explore-ros2/explore) by extensions ['colcon_pkg']
[0.543s] Level 1:colcon.colcon_core.package_identification:_identify(m-explore-ros2/explore) by extension 'colcon_pkg'
[0.543s] Level 1:colcon.colcon_core.package_identification:_identify(m-explore-ros2/explore) by extensions ['colcon_meta']
[0.543s] Level 1:colcon.colcon_core.package_identification:_identify(m-explore-ros2/explore) by extension 'colcon_meta'
[0.543s] Level 1:colcon.colcon_core.package_identification:_identify(m-explore-ros2/explore) by extensions ['ros']
[0.543s] Level 1:colcon.colcon_core.package_identification:_identify(m-explore-ros2/explore) by extension 'ros'
[0.544s] DEBUG:colcon.colcon_core.package_identification:Package 'm-explore-ros2/explore' with type 'ros.ament_cmake' and name 'explore_lite'
[0.545s] Level 1:colcon.colcon_core.package_identification:_identify(m-explore-ros2/map_merge) by extensions ['ignore', 'ignore_ament_install']
[0.545s] Level 1:colcon.colcon_core.package_identification:_identify(m-explore-ros2/map_merge) by extension 'ignore'
[0.545s] Level 1:colcon.colcon_core.package_identification:_identify(m-explore-ros2/map_merge) by extension 'ignore_ament_install'
[0.545s] Level 1:colcon.colcon_core.package_identification:_identify(m-explore-ros2/map_merge) by extensions ['colcon_pkg']
[0.545s] Level 1:colcon.colcon_core.package_identification:_identify(m-explore-ros2/map_merge) by extension 'colcon_pkg'
[0.545s] Level 1:colcon.colcon_core.package_identification:_identify(m-explore-ros2/map_merge) by extensions ['colcon_meta']
[0.545s] Level 1:colcon.colcon_core.package_identification:_identify(m-explore-ros2/map_merge) by extension 'colcon_meta'
[0.545s] Level 1:colcon.colcon_core.package_identification:_identify(m-explore-ros2/map_merge) by extensions ['ros']
[0.545s] Level 1:colcon.colcon_core.package_identification:_identify(m-explore-ros2/map_merge) by extension 'ros'
[0.546s] DEBUG:colcon.colcon_core.package_identification:Package 'm-explore-ros2/map_merge' with type 'ros.ament_cmake' and name 'multirobot_map_merge'
[0.546s] Level 1:colcon.colcon_core.package_identification:_identify(robotic_bar_package) by extensions ['ignore', 'ignore_ament_install']
[0.546s] Level 1:colcon.colcon_core.package_identification:_identify(robotic_bar_package) by extension 'ignore'
[0.546s] Level 1:colcon.colcon_core.package_identification:_identify(robotic_bar_package) by extension 'ignore_ament_install'
[0.546s] Level 1:colcon.colcon_core.package_identification:_identify(robotic_bar_package) by extensions ['colcon_pkg']
[0.546s] Level 1:colcon.colcon_core.package_identification:_identify(robotic_bar_package) by extension 'colcon_pkg'
[0.546s] Level 1:colcon.colcon_core.package_identification:_identify(robotic_bar_package) by extensions ['colcon_meta']
[0.546s] Level 1:colcon.colcon_core.package_identification:_identify(robotic_bar_package) by extension 'colcon_meta'
[0.546s] Level 1:colcon.colcon_core.package_identification:_identify(robotic_bar_package) by extensions ['ros']
[0.546s] Level 1:colcon.colcon_core.package_identification:_identify(robotic_bar_package) by extension 'ros'
[0.547s] DEBUG:colcon.colcon_core.package_identification:Package 'robotic_bar_package' with type 'ros.ament_cmake' and name 'robotic_bar_package'
[0.548s] Level 1:colcon.colcon_core.package_identification:_identify(ros2_fra2mo) by extensions ['ignore', 'ignore_ament_install']
[0.548s] Level 1:colcon.colcon_core.package_identification:_identify(ros2_fra2mo) by extension 'ignore'
[0.548s] Level 1:colcon.colcon_core.package_identification:_identify(ros2_fra2mo) by extension 'ignore_ament_install'
[0.548s] Level 1:colcon.colcon_core.package_identification:_identify(ros2_fra2mo) by extensions ['colcon_pkg']
[0.548s] Level 1:colcon.colcon_core.package_identification:_identify(ros2_fra2mo) by extension 'colcon_pkg'
[0.548s] Level 1:colcon.colcon_core.package_identification:_identify(ros2_fra2mo) by extensions ['colcon_meta']
[0.548s] Level 1:colcon.colcon_core.package_identification:_identify(ros2_fra2mo) by extension 'colcon_meta'
[0.548s] Level 1:colcon.colcon_core.package_identification:_identify(ros2_fra2mo) by extensions ['ros']
[0.548s] Level 1:colcon.colcon_core.package_identification:_identify(ros2_fra2mo) by extension 'ros'
[0.549s] DEBUG:colcon.colcon_core.package_identification:Package 'ros2_fra2mo' with type 'ros.ament_cmake' and name 'ros2_fra2mo'
[0.549s] Level 1:colcon.colcon_core.package_identification:_identify(ros2_iiwa) by extensions ['ignore', 'ignore_ament_install']
[0.549s] Level 1:colcon.colcon_core.package_identification:_identify(ros2_iiwa) by extension 'ignore'
[0.549s] Level 1:colcon.colcon_core.package_identification:_identify(ros2_iiwa) by extension 'ignore_ament_install'
[0.549s] Level 1:colcon.colcon_core.package_identification:_identify(ros2_iiwa) by extensions ['colcon_pkg']
[0.549s] Level 1:colcon.colcon_core.package_identification:_identify(ros2_iiwa) by extension 'colcon_pkg'
[0.549s] Level 1:colcon.colcon_core.package_identification:_identify(ros2_iiwa) by extensions ['colcon_meta']
[0.549s] Level 1:colcon.colcon_core.package_identification:_identify(ros2_iiwa) by extension 'colcon_meta'
[0.549s] Level 1:colcon.colcon_core.package_identification:_identify(ros2_iiwa) by extensions ['ros']
[0.549s] Level 1:colcon.colcon_core.package_identification:_identify(ros2_iiwa) by extension 'ros'
[0.550s] Level 1:colcon.colcon_core.package_identification:_identify(ros2_iiwa) by extensions ['cmake', 'python']
[0.550s] Level 1:colcon.colcon_core.package_identification:_identify(ros2_iiwa) by extension 'cmake'
[0.550s] Level 1:colcon.colcon_core.package_identification:_identify(ros2_iiwa) by extension 'python'
[0.550s] Level 1:colcon.colcon_core.package_identification:_identify(ros2_iiwa) by extensions ['python_setup_py']
[0.550s] Level 1:colcon.colcon_core.package_identification:_identify(ros2_iiwa) by extension 'python_setup_py'
[0.550s] Level 1:colcon.colcon_core.package_identification:_identify(ros2_iiwa/iiwa_bringup) by extensions ['ignore', 'ignore_ament_install']
[0.550s] Level 1:colcon.colcon_core.package_identification:_identify(ros2_iiwa/iiwa_bringup) by extension 'ignore'
[0.550s] Level 1:colcon.colcon_core.package_identification:_identify(ros2_iiwa/iiwa_bringup) by extension 'ignore_ament_install'
[0.550s] Level 1:colcon.colcon_core.package_identification:_identify(ros2_iiwa/iiwa_bringup) by extensions ['colcon_pkg']
[0.550s] Level 1:colcon.colcon_core.package_identification:_identify(ros2_iiwa/iiwa_bringup) by extension 'colcon_pkg'
[0.550s] Level 1:colcon.colcon_core.package_identification:_identify(ros2_iiwa/iiwa_bringup) by extensions ['colcon_meta']
[0.550s] Level 1:colcon.colcon_core.package_identification:_identify(ros2_iiwa/iiwa_bringup) by extension 'colcon_meta'
[0.550s] Level 1:colcon.colcon_core.package_identification:_identify(ros2_iiwa/iiwa_bringup) by extensions ['ros']
[0.550s] Level 1:colcon.colcon_core.package_identification:_identify(ros2_iiwa/iiwa_bringup) by extension 'ros'
[0.551s] DEBUG:colcon.colcon_core.package_identification:Package 'ros2_iiwa/iiwa_bringup' with type 'ros.ament_cmake' and name 'iiwa_bringup'
[0.551s] Level 1:colcon.colcon_core.package_identification:_identify(ros2_iiwa/iiwa_controllers) by extensions ['ignore', 'ignore_ament_install']
[0.551s] Level 1:colcon.colcon_core.package_identification:_identify(ros2_iiwa/iiwa_controllers) by extension 'ignore'
[0.551s] Level 1:colcon.colcon_core.package_identification:_identify(ros2_iiwa/iiwa_controllers) by extension 'ignore_ament_install'
[0.551s] Level 1:colcon.colcon_core.package_identification:_identify(ros2_iiwa/iiwa_controllers) by extensions ['colcon_pkg']
[0.551s] Level 1:colcon.colcon_core.package_identification:_identify(ros2_iiwa/iiwa_controllers) by extension 'colcon_pkg'
[0.551s] Level 1:colcon.colcon_core.package_identification:_identify(ros2_iiwa/iiwa_controllers) by extensions ['colcon_meta']
[0.551s] Level 1:colcon.colcon_core.package_identification:_identify(ros2_iiwa/iiwa_controllers) by extension 'colcon_meta'
[0.551s] Level 1:colcon.colcon_core.package_identification:_identify(ros2_iiwa/iiwa_controllers) by extensions ['ros']
[0.551s] Level 1:colcon.colcon_core.package_identification:_identify(ros2_iiwa/iiwa_controllers) by extension 'ros'
[0.551s] Level 1:colcon.colcon_core.package_identification:_identify(ros2_iiwa/iiwa_controllers) by extensions ['cmake', 'python']
[0.551s] Level 1:colcon.colcon_core.package_identification:_identify(ros2_iiwa/iiwa_controllers) by extension 'cmake'
[0.551s] Level 1:colcon.colcon_core.package_identification:_identify(ros2_iiwa/iiwa_controllers) by extension 'python'
[0.551s] Level 1:colcon.colcon_core.package_identification:_identify(ros2_iiwa/iiwa_controllers) by extensions ['python_setup_py']
[0.551s] Level 1:colcon.colcon_core.package_identification:_identify(ros2_iiwa/iiwa_controllers) by extension 'python_setup_py'
[0.552s] Level 1:colcon.colcon_core.package_identification:_identify(ros2_iiwa/iiwa_controllers/admittance_controller) by extensions ['ignore', 'ignore_ament_install']
[0.552s] Level 1:colcon.colcon_core.package_identification:_identify(ros2_iiwa/iiwa_controllers/admittance_controller) by extension 'ignore'
[0.552s] Level 1:colcon.colcon_core.package_identification:_identify(ros2_iiwa/iiwa_controllers/admittance_controller) by extension 'ignore_ament_install'
[0.552s] Level 1:colcon.colcon_core.package_identification:_identify(ros2_iiwa/iiwa_controllers/admittance_controller) by extensions ['colcon_pkg']
[0.552s] Level 1:colcon.colcon_core.package_identification:_identify(ros2_iiwa/iiwa_controllers/admittance_controller) by extension 'colcon_pkg'
[0.552s] Level 1:colcon.colcon_core.package_identification:_identify(ros2_iiwa/iiwa_controllers/admittance_controller) by extensions ['colcon_meta']
[0.552s] Level 1:colcon.colcon_core.package_identification:_identify(ros2_iiwa/iiwa_controllers/admittance_controller) by extension 'colcon_meta'
[0.552s] Level 1:colcon.colcon_core.package_identification:_identify(ros2_iiwa/iiwa_controllers/admittance_controller) by extensions ['ros']
[0.552s] Level 1:colcon.colcon_core.package_identification:_identify(ros2_iiwa/iiwa_controllers/admittance_controller) by extension 'ros'
[0.552s] Level 1:colcon.colcon_core.package_identification:_identify(ros2_iiwa/iiwa_controllers/admittance_controller) ignored
[0.552s] Level 1:colcon.colcon_core.package_identification:_identify(ros2_iiwa/iiwa_controllers/external_torque_sensor_broadcaster) by extensions ['ignore', 'ignore_ament_install']
[0.552s] Level 1:colcon.colcon_core.package_identification:_identify(ros2_iiwa/iiwa_controllers/external_torque_sensor_broadcaster) by extension 'ignore'
[0.552s] Level 1:colcon.colcon_core.package_identification:_identify(ros2_iiwa/iiwa_controllers/external_torque_sensor_broadcaster) by extension 'ignore_ament_install'
[0.552s] Level 1:colcon.colcon_core.package_identification:_identify(ros2_iiwa/iiwa_controllers/external_torque_sensor_broadcaster) by extensions ['colcon_pkg']
[0.552s] Level 1:colcon.colcon_core.package_identification:_identify(ros2_iiwa/iiwa_controllers/external_torque_sensor_broadcaster) by extension 'colcon_pkg'
[0.552s] Level 1:colcon.colcon_core.package_identification:_identify(ros2_iiwa/iiwa_controllers/external_torque_sensor_broadcaster) by extensions ['colcon_meta']
[0.552s] Level 1:colcon.colcon_core.package_identification:_identify(ros2_iiwa/iiwa_controllers/external_torque_sensor_broadcaster) by extension 'colcon_meta'
[0.552s] Level 1:colcon.colcon_core.package_identification:_identify(ros2_iiwa/iiwa_controllers/external_torque_sensor_broadcaster) by extensions ['ros']
[0.552s] Level 1:colcon.colcon_core.package_identification:_identify(ros2_iiwa/iiwa_controllers/external_torque_sensor_broadcaster) by extension 'ros'
[0.553s] DEBUG:colcon.colcon_core.package_identification:Package 'ros2_iiwa/iiwa_controllers/external_torque_sensor_broadcaster' with type 'ros.ament_cmake' and name 'external_torque_sensor_broadcaster'
[0.554s] Level 1:colcon.colcon_core.package_identification:_identify(ros2_iiwa/iiwa_controllers/impedance_controller) by extensions ['ignore', 'ignore_ament_install']
[0.554s] Level 1:colcon.colcon_core.package_identification:_identify(ros2_iiwa/iiwa_controllers/impedance_controller) by extension 'ignore'
[0.554s] Level 1:colcon.colcon_core.package_identification:_identify(ros2_iiwa/iiwa_controllers/impedance_controller) by extension 'ignore_ament_install'
[0.554s] Level 1:colcon.colcon_core.package_identification:_identify(ros2_iiwa/iiwa_controllers/impedance_controller) by extensions ['colcon_pkg']
[0.554s] Level 1:colcon.colcon_core.package_identification:_identify(ros2_iiwa/iiwa_controllers/impedance_controller) by extension 'colcon_pkg'
[0.554s] Level 1:colcon.colcon_core.package_identification:_identify(ros2_iiwa/iiwa_controllers/impedance_controller) by extensions ['colcon_meta']
[0.554s] Level 1:colcon.colcon_core.package_identification:_identify(ros2_iiwa/iiwa_controllers/impedance_controller) by extension 'colcon_meta'
[0.554s] Level 1:colcon.colcon_core.package_identification:_identify(ros2_iiwa/iiwa_controllers/impedance_controller) by extensions ['ros']
[0.554s] Level 1:colcon.colcon_core.package_identification:_identify(ros2_iiwa/iiwa_controllers/impedance_controller) by extension 'ros'
[0.555s] DEBUG:colcon.colcon_core.package_identification:Package 'ros2_iiwa/iiwa_controllers/impedance_controller' with type 'ros.ament_cmake' and name 'impedance_controller'
[0.555s] Level 1:colcon.colcon_core.package_identification:_identify(ros2_iiwa/iiwa_description) by extensions ['ignore', 'ignore_ament_install']
[0.555s] Level 1:colcon.colcon_core.package_identification:_identify(ros2_iiwa/iiwa_description) by extension 'ignore'
[0.555s] Level 1:colcon.colcon_core.package_identification:_identify(ros2_iiwa/iiwa_description) by extension 'ignore_ament_install'
[0.555s] Level 1:colcon.colcon_core.package_identification:_identify(ros2_iiwa/iiwa_description) by extensions ['colcon_pkg']
[0.555s] Level 1:colcon.colcon_core.package_identification:_identify(ros2_iiwa/iiwa_description) by extension 'colcon_pkg'
[0.555s] Level 1:colcon.colcon_core.package_identification:_identify(ros2_iiwa/iiwa_description) by extensions ['colcon_meta']
[0.555s] Level 1:colcon.colcon_core.package_identification:_identify(ros2_iiwa/iiwa_description) by extension 'colcon_meta'
[0.555s] Level 1:colcon.colcon_core.package_identification:_identify(ros2_iiwa/iiwa_description) by extensions ['ros']
[0.555s] Level 1:colcon.colcon_core.package_identification:_identify(ros2_iiwa/iiwa_description) by extension 'ros'
[0.556s] DEBUG:colcon.colcon_core.package_identification:Package 'ros2_iiwa/iiwa_description' with type 'ros.ament_cmake' and name 'iiwa_description'
[0.556s] Level 1:colcon.colcon_core.package_identification:_identify(ros2_iiwa/iiwa_hardware) by extensions ['ignore', 'ignore_ament_install']
[0.556s] Level 1:colcon.colcon_core.package_identification:_identify(ros2_iiwa/iiwa_hardware) by extension 'ignore'
[0.556s] Level 1:colcon.colcon_core.package_identification:_identify(ros2_iiwa/iiwa_hardware) by extension 'ignore_ament_install'
[0.556s] Level 1:colcon.colcon_core.package_identification:_identify(ros2_iiwa/iiwa_hardware) by extensions ['colcon_pkg']
[0.556s] Level 1:colcon.colcon_core.package_identification:_identify(ros2_iiwa/iiwa_hardware) by extension 'colcon_pkg'
[0.556s] Level 1:colcon.colcon_core.package_identification:_identify(ros2_iiwa/iiwa_hardware) by extensions ['colcon_meta']
[0.556s] Level 1:colcon.colcon_core.package_identification:_identify(ros2_iiwa/iiwa_hardware) by extension 'colcon_meta'
[0.556s] Level 1:colcon.colcon_core.package_identification:_identify(ros2_iiwa/iiwa_hardware) by extensions ['ros']
[0.556s] Level 1:colcon.colcon_core.package_identification:_identify(ros2_iiwa/iiwa_hardware) by extension 'ros'
[0.556s] Level 1:colcon.colcon_core.package_identification:_identify(ros2_iiwa/iiwa_hardware) ignored
[0.556s] Level 1:colcon.colcon_core.package_identification:_identify(ros2_iiwa/iiwa_moveit2) by extensions ['ignore', 'ignore_ament_install']
[0.557s] Level 1:colcon.colcon_core.package_identification:_identify(ros2_iiwa/iiwa_moveit2) by extension 'ignore'
[0.557s] Level 1:colcon.colcon_core.package_identification:_identify(ros2_iiwa/iiwa_moveit2) by extension 'ignore_ament_install'
[0.557s] Level 1:colcon.colcon_core.package_identification:_identify(ros2_iiwa/iiwa_moveit2) by extensions ['colcon_pkg']
[0.557s] Level 1:colcon.colcon_core.package_identification:_identify(ros2_iiwa/iiwa_moveit2) by extension 'colcon_pkg'
[0.557s] Level 1:colcon.colcon_core.package_identification:_identify(ros2_iiwa/iiwa_moveit2) by extensions ['colcon_meta']
[0.557s] Level 1:colcon.colcon_core.package_identification:_identify(ros2_iiwa/iiwa_moveit2) by extension 'colcon_meta'
[0.557s] Level 1:colcon.colcon_core.package_identification:_identify(ros2_iiwa/iiwa_moveit2) by extensions ['ros']
[0.557s] Level 1:colcon.colcon_core.package_identification:_identify(ros2_iiwa/iiwa_moveit2) by extension 'ros'
[0.557s] Level 1:colcon.colcon_core.package_identification:_identify(ros2_iiwa/iiwa_moveit2) ignored
[0.557s] Level 1:colcon.colcon_core.package_identification:_identify(ros2_iiwa/iiwa_sunrise) by extensions ['ignore', 'ignore_ament_install']
[0.557s] Level 1:colcon.colcon_core.package_identification:_identify(ros2_iiwa/iiwa_sunrise) by extension 'ignore'
[0.557s] Level 1:colcon.colcon_core.package_identification:_identify(ros2_iiwa/iiwa_sunrise) by extension 'ignore_ament_install'
[0.557s] Level 1:colcon.colcon_core.package_identification:_identify(ros2_iiwa/iiwa_sunrise) by extensions ['colcon_pkg']
[0.557s] Level 1:colcon.colcon_core.package_identification:_identify(ros2_iiwa/iiwa_sunrise) by extension 'colcon_pkg'
[0.557s] Level 1:colcon.colcon_core.package_identification:_identify(ros2_iiwa/iiwa_sunrise) by extensions ['colcon_meta']
[0.557s] Level 1:colcon.colcon_core.package_identification:_identify(ros2_iiwa/iiwa_sunrise) by extension 'colcon_meta'
[0.557s] Level 1:colcon.colcon_core.package_identification:_identify(ros2_iiwa/iiwa_sunrise) by extensions ['ros']
[0.557s] Level 1:colcon.colcon_core.package_identification:_identify(ros2_iiwa/iiwa_sunrise) by extension 'ros'
[0.557s] Level 1:colcon.colcon_core.package_identification:_identify(ros2_iiwa/iiwa_sunrise) by extensions ['cmake', 'python']
[0.557s] Level 1:colcon.colcon_core.package_identification:_identify(ros2_iiwa/iiwa_sunrise) by extension 'cmake'
[0.557s] Level 1:colcon.colcon_core.package_identification:_identify(ros2_iiwa/iiwa_sunrise) by extension 'python'
[0.557s] Level 1:colcon.colcon_core.package_identification:_identify(ros2_iiwa/iiwa_sunrise) by extensions ['python_setup_py']
[0.557s] Level 1:colcon.colcon_core.package_identification:_identify(ros2_iiwa/iiwa_sunrise) by extension 'python_setup_py'
[0.557s] Level 1:colcon.colcon_core.package_identification:_identify(ros2_iiwa/iiwa_sunrise/src) by extensions ['ignore', 'ignore_ament_install']
[0.558s] Level 1:colcon.colcon_core.package_identification:_identify(ros2_iiwa/iiwa_sunrise/src) by extension 'ignore'
[0.558s] Level 1:colcon.colcon_core.package_identification:_identify(ros2_iiwa/iiwa_sunrise/src) by extension 'ignore_ament_install'
[0.558s] Level 1:colcon.colcon_core.package_identification:_identify(ros2_iiwa/iiwa_sunrise/src) by extensions ['colcon_pkg']
[0.558s] Level 1:colcon.colcon_core.package_identification:_identify(ros2_iiwa/iiwa_sunrise/src) by extension 'colcon_pkg'
[0.558s] Level 1:colcon.colcon_core.package_identification:_identify(ros2_iiwa/iiwa_sunrise/src) by extensions ['colcon_meta']
[0.558s] Level 1:colcon.colcon_core.package_identification:_identify(ros2_iiwa/iiwa_sunrise/src) by extension 'colcon_meta'
[0.558s] Level 1:colcon.colcon_core.package_identification:_identify(ros2_iiwa/iiwa_sunrise/src) by extensions ['ros']
[0.558s] Level 1:colcon.colcon_core.package_identification:_identify(ros2_iiwa/iiwa_sunrise/src) by extension 'ros'
[0.558s] Level 1:colcon.colcon_core.package_identification:_identify(ros2_iiwa/iiwa_sunrise/src) by extensions ['cmake', 'python']
[0.558s] Level 1:colcon.colcon_core.package_identification:_identify(ros2_iiwa/iiwa_sunrise/src) by extension 'cmake'
[0.558s] Level 1:colcon.colcon_core.package_identification:_identify(ros2_iiwa/iiwa_sunrise/src) by extension 'python'
[0.558s] Level 1:colcon.colcon_core.package_identification:_identify(ros2_iiwa/iiwa_sunrise/src) by extensions ['python_setup_py']
[0.558s] Level 1:colcon.colcon_core.package_identification:_identify(ros2_iiwa/iiwa_sunrise/src) by extension 'python_setup_py'
[0.558s] Level 1:colcon.colcon_core.package_identification:_identify(ros2_px4_drone) by extensions ['ignore', 'ignore_ament_install']
[0.558s] Level 1:colcon.colcon_core.package_identification:_identify(ros2_px4_drone) by extension 'ignore'
[0.558s] Level 1:colcon.colcon_core.package_identification:_identify(ros2_px4_drone) by extension 'ignore_ament_install'
[0.558s] Level 1:colcon.colcon_core.package_identification:_identify(ros2_px4_drone) by extensions ['colcon_pkg']
[0.558s] Level 1:colcon.colcon_core.package_identification:_identify(ros2_px4_drone) by extension 'colcon_pkg'
[0.558s] Level 1:colcon.colcon_core.package_identification:_identify(ros2_px4_drone) by extensions ['colcon_meta']
[0.558s] Level 1:colcon.colcon_core.package_identification:_identify(ros2_px4_drone) by extension 'colcon_meta'
[0.558s] Level 1:colcon.colcon_core.package_identification:_identify(ros2_px4_drone) by extensions ['ros']
[0.558s] Level 1:colcon.colcon_core.package_identification:_identify(ros2_px4_drone) by extension 'ros'
[0.559s] DEBUG:colcon.colcon_core.package_identification:Package 'ros2_px4_drone' with type 'ros.ament_cmake' and name 'ros2_px4_drone'
[0.560s] Level 1:colcon.colcon_core.package_identification:_identify(slides) by extensions ['ignore', 'ignore_ament_install']
[0.560s] Level 1:colcon.colcon_core.package_identification:_identify(slides) by extension 'ignore'
[0.560s] Level 1:colcon.colcon_core.package_identification:_identify(slides) by extension 'ignore_ament_install'
[0.560s] Level 1:colcon.colcon_core.package_identification:_identify(slides) by extensions ['colcon_pkg']
[0.560s] Level 1:colcon.colcon_core.package_identification:_identify(slides) by extension 'colcon_pkg'
[0.560s] Level 1:colcon.colcon_core.package_identification:_identify(slides) by extensions ['colcon_meta']
[0.560s] Level 1:colcon.colcon_core.package_identification:_identify(slides) by extension 'colcon_meta'
[0.560s] Level 1:colcon.colcon_core.package_identification:_identify(slides) by extensions ['ros']
[0.560s] Level 1:colcon.colcon_core.package_identification:_identify(slides) by extension 'ros'
[0.560s] Level 1:colcon.colcon_core.package_identification:_identify(slides) by extensions ['cmake', 'python']
[0.560s] Level 1:colcon.colcon_core.package_identification:_identify(slides) by extension 'cmake'
[0.560s] Level 1:colcon.colcon_core.package_identification:_identify(slides) by extension 'python'
[0.560s] Level 1:colcon.colcon_core.package_identification:_identify(slides) by extensions ['python_setup_py']
[0.560s] Level 1:colcon.colcon_core.package_identification:_identify(slides) by extension 'python_setup_py'
[0.560s] Level 1:colcon.colcon_core.package_discovery:discover_packages(recursive) using defaults
[0.560s] Level 1:colcon.colcon_core.package_discovery:discover_packages(ignore) discover
[0.560s] Level 1:colcon.colcon_core.package_discovery:discover_packages(ignore) using defaults
[0.560s] Level 1:colcon.colcon_core.package_discovery:discover_packages(path) discover
[0.560s] Level 1:colcon.colcon_core.package_discovery:discover_packages(path) using defaults
[0.587s] INFO:colcon.colcon_core.package_selection:Skipping not selected package 'aruco' in 'aruco_ros/aruco'
[0.587s] INFO:colcon.colcon_core.package_selection:Skipping not selected package 'aruco_msgs' in 'aruco_ros/aruco_msgs'
[0.587s] INFO:colcon.colcon_core.package_selection:Skipping not selected package 'explore_lite' in 'm-explore-ros2/explore'
[0.587s] INFO:colcon.colcon_core.package_selection:Skipping not selected package 'external_torque_sensor_broadcaster' in 'ros2_iiwa/iiwa_controllers/external_torque_sensor_broadcaster'
[0.587s] INFO:colcon.colcon_core.package_selection:Skipping not selected package 'iiwa_description' in 'ros2_iiwa/iiwa_description'
[0.587s] INFO:colcon.colcon_core.package_selection:Skipping not selected package 'impedance_controller' in 'ros2_iiwa/iiwa_controllers/impedance_controller'
[0.587s] INFO:colcon.colcon_core.package_selection:Skipping not selected package 'multirobot_map_merge' in 'm-explore-ros2/map_merge'
[0.587s] INFO:colcon.colcon_core.package_selection:Skipping not selected package 'ros2_fra2mo' in 'ros2_fra2mo'
[0.587s] INFO:colcon.colcon_core.package_selection:Skipping not selected package 'aruco_ros' in 'aruco_ros/aruco_ros'
[0.587s] INFO:colcon.colcon_core.package_selection:Skipping not selected package 'iiwa_bringup' in 'ros2_iiwa/iiwa_bringup'
[0.587s] INFO:colcon.colcon_core.package_selection:Skipping not selected package 'robotic_bar_package' in 'robotic_bar_package'
[0.587s] Level 1:colcon.colcon_core.package_discovery:discover_packages(prefix_path) check parameters
[0.587s] Level 1:colcon.colcon_core.package_discovery:discover_packages(prefix_path) discover
[0.589s] WARNING:colcon.colcon_ros.prefix_path.ament:The path '/home/telemaque/Robotics_Lab/ros2_ws/install/rescue_swarm_planning' in the environment variable AMENT_PREFIX_PATH doesn't exist
[0.589s] WARNING:colcon.colcon_ros.prefix_path.ament:The path '/home/telemaque/Robotics_Lab/ros2_ws/install/rescue_swarm_exploration' in the environment variable AMENT_PREFIX_PATH doesn't exist
[0.590s] DEBUG:colcon.colcon_installed_package_information.package_discovery:Found 8 installed packages in /home/telemaque/Robotics_Lab/ros2_ws/install
[0.591s] DEBUG:colcon.colcon_installed_package_information.package_discovery:Found 415 installed packages in /opt/ros/humble
[0.594s] Level 1:colcon.colcon_core.package_discovery:discover_packages(prefix_path) using defaults
[0.666s] Level 5:colcon.colcon_core.verb:set package 'ros2_px4_drone' build argument 'cmake_args' from command line to 'None'
[0.666s] Level 5:colcon.colcon_core.verb:set package 'ros2_px4_drone' build argument 'cmake_target' from command line to 'None'
[0.666s] Level 5:colcon.colcon_core.verb:set package 'ros2_px4_drone' build argument 'cmake_target_skip_unavailable' from command line to 'False'
[0.666s] Level 5:colcon.colcon_core.verb:set package 'ros2_px4_drone' build argument 'cmake_clean_cache' from command line to 'False'
[0.666s] Level 5:colcon.colcon_core.verb:set package 'ros2_px4_drone' build argument 'cmake_clean_first' from command line to 'False'
[0.666s] Level 5:colcon.colcon_core.verb:set package 'ros2_px4_drone' build argument 'cmake_force_configure' from command line to 'False'
[0.666s] Level 5:colcon.colcon_core.verb:set package 'ros2_px4_drone' build argument 'ament_cmake_args' from command line to 'None'
[0.666s] Level 5:colcon.colcon_core.verb:set package 'ros2_px4_drone' build argument 'catkin_cmake_args' from command line to 'None'
[0.666s] Level 5:colcon.colcon_core.verb:set package 'ros2_px4_drone' build argument 'catkin_skip_building_tests' from command line to 'False'
[0.666s] DEBUG:colcon.colcon_core.verb:Building package 'ros2_px4_drone' with the following arguments: {'ament_cmake_args': None, 'build_base': '/home/telemaque/RL_finalproject/build/ros2_px4_drone', 'catkin_cmake_args': None, 'catkin_skip_building_tests': False, 'cmake_args': None, 'cmake_clean_cache': False, 'cmake_clean_first': False, 'cmake_force_configure': False, 'cmake_target': None, 'cmake_target_skip_unavailable': False, 'install_base': '/home/telemaque/RL_finalproject/install/ros2_px4_drone', 'merge_install': False, 'path': '/home/telemaque/RL_finalproject/ros2_px4_drone', 'symlink_install': False, 'test_result_base': None}
[0.666s] INFO:colcon.colcon_core.executor:Executing jobs using 'parallel' executor
[0.668s] DEBUG:colcon.colcon_parallel_executor.executor.parallel:run_until_complete
[0.669s] INFO:colcon.colcon_ros.task.ament_cmake.build:Building ROS package in '/home/telemaque/RL_finalproject/ros2_px4_drone' with build type 'ament_cmake'
[0.669s] INFO:colcon.colcon_cmake.task.cmake.build:Building CMake package in '/home/telemaque/RL_finalproject/ros2_px4_drone'
[0.673s] INFO:colcon.colcon_core.plugin_system:Skipping extension 'colcon_core.shell.bat': Not used on non-Windows systems
[0.673s] INFO:colcon.colcon_core.shell:Skip shell extension 'powershell' for command environment: Not usable outside of PowerShell
[0.674s] DEBUG:colcon.colcon_core.shell:Skip shell extension 'dsv' for command environment
[0.693s] DEBUG:colcon.colcon_core.event_handler.log_command:Invoking command in '/home/telemaque/RL_finalproject/build/ros2_px4_drone': CMAKE_PREFIX_PATH=${CMAKE_PREFIX_PATH}:/home/telemaque/Robotics_Lab/ros2_ws/install/rescue_swarm_stretcher:/home/telemaque/Robotics_Lab/ros2_ws/install/rescue_swarm_planning:/home/telemaque/Robotics_Lab/ros2_ws/install/rescue_swarm_perception:/home/telemaque/Robotics_Lab/ros2_ws/install/rescue_swarm_exploration:/home/telemaque/Robotics_Lab/ros2_ws/install/rescue_swarm_control:/home/telemaque/Robotics_Lab/ros2_ws/install/rescue_swarm_mapping:/opt/ros/humble /usr/bin/cmake /home/telemaque/RL_finalproject/ros2_px4_drone -DCMAKE_INSTALL_PREFIX=/home/telemaque/RL_finalproject/install/ros2_px4_drone
[3.663s] DEBUG:colcon.colcon_core.event_handler.log_command:Invoked command in '/home/telemaque/RL_finalproject/build/ros2_px4_drone' returned '1': CMAKE_PREFIX_PATH=${CMAKE_PREFIX_PATH}:/home/telemaque/Robotics_Lab/ros2_ws/install/rescue_swarm_stretcher:/home/telemaque/Robotics_Lab/ros2_ws/install/rescue_swarm_planning:/home/telemaque/Robotics_Lab/ros2_ws/install/rescue_swarm_perception:/home/telemaque/Robotics_Lab/ros2_ws/install/rescue_swarm_exploration:/home/telemaque/Robotics_Lab/ros2_ws/install/rescue_swarm_control:/home/telemaque/Robotics_Lab/ros2_ws/install/rescue_swarm_mapping:/opt/ros/humble /usr/bin/cmake /home/telemaque/RL_finalproject/ros2_px4_drone -DCMAKE_INSTALL_PREFIX=/home/telemaque/RL_finalproject/install/ros2_px4_drone
[3.683s] Level 1:colcon.colcon_core.environment:create_environment_scripts_only(ros2_px4_drone)
[3.688s] Level 1:colcon.colcon_core.environment:checking '/home/telemaque/RL_finalproject/install/ros2_px4_drone' for CMake module files
[3.689s] Level 1:colcon.colcon_core.environment:checking '/home/telemaque/RL_finalproject/install/ros2_px4_drone' for CMake config files
[3.689s] Level 1:colcon.colcon_core.environment:checking '/home/telemaque/RL_finalproject/install/ros2_px4_drone/bin'
[3.689s] Level 1:colcon.colcon_core.environment:checking '/home/telemaque/RL_finalproject/install/ros2_px4_drone/lib/pkgconfig/ros2_px4_drone.pc'
[3.690s] Level 1:colcon.colcon_core.environment:checking '/home/telemaque/RL_finalproject/install/ros2_px4_drone/lib/python3.10/site-packages'
[3.691s] Level 1:colcon.colcon_core.environment:checking '/home/telemaque/RL_finalproject/install/ros2_px4_drone/bin'
[3.691s] INFO:colcon.colcon_core.shell:Creating package script '/home/telemaque/RL_finalproject/install/ros2_px4_drone/share/ros2_px4_drone/package.ps1'
[3.693s] INFO:colcon.colcon_core.shell:Creating package descriptor '/home/telemaque/RL_finalproject/install/ros2_px4_drone/share/ros2_px4_drone/package.dsv'
[3.693s] INFO:colcon.colcon_core.shell:Creating package script '/home/telemaque/RL_finalproject/install/ros2_px4_drone/share/ros2_px4_drone/package.sh'
[3.694s] INFO:colcon.colcon_core.shell:Creating package script '/home/telemaque/RL_finalproject/install/ros2_px4_drone/share/ros2_px4_drone/package.bash'
[3.695s] INFO:colcon.colcon_core.shell:Creating package script '/home/telemaque/RL_finalproject/install/ros2_px4_drone/share/ros2_px4_drone/package.zsh'
[3.696s] Level 1:colcon.colcon_core.environment:create_file_with_runtime_dependencies(/home/telemaque/RL_finalproject/install/ros2_px4_drone/share/colcon-core/packages/ros2_px4_drone)
[3.707s] DEBUG:colcon.colcon_parallel_executor.executor.parallel:closing loop
[3.707s] DEBUG:colcon.colcon_parallel_executor.executor.parallel:loop closed
[3.707s] DEBUG:colcon.colcon_parallel_executor.executor.parallel:run_until_complete finished with '1'
[3.707s] DEBUG:colcon.colcon_core.event_reactor:joining thread
[3.718s] INFO:colcon.colcon_core.plugin_system:Skipping extension 'colcon_notification.desktop_notification.terminal_notifier': Not used on non-Darwin systems
[3.718s] INFO:colcon.colcon_core.plugin_system:Skipping extension 'colcon_notification.desktop_notification.win32': Not used on non-Windows systems
[3.718s] INFO:colcon.colcon_notification.desktop_notification:Sending desktop notification using 'notify2'
[3.743s] DEBUG:colcon.colcon_core.event_reactor:joined thread
[3.744s] INFO:colcon.colcon_core.shell:Creating prefix script '/home/telemaque/RL_finalproject/install/local_setup.ps1'
[3.747s] INFO:colcon.colcon_core.shell:Creating prefix util module '/home/telemaque/RL_finalproject/install/_local_setup_util_ps1.py'
[3.751s] INFO:colcon.colcon_core.shell:Creating prefix chain script '/home/telemaque/RL_finalproject/install/setup.ps1'
[3.755s] INFO:colcon.colcon_core.shell:Creating prefix script '/home/telemaque/RL_finalproject/install/local_setup.sh'
[3.756s] INFO:colcon.colcon_core.shell:Creating prefix util module '/home/telemaque/RL_finalproject/install/_local_setup_util_sh.py'
[3.757s] INFO:colcon.colcon_core.shell:Creating prefix chain script '/home/telemaque/RL_finalproject/install/setup.sh'
[3.760s] INFO:colcon.colcon_core.shell:Creating prefix script '/home/telemaque/RL_finalproject/install/local_setup.bash'
[3.761s] INFO:colcon.colcon_core.shell:Creating prefix chain script '/home/telemaque/RL_finalproject/install/setup.bash'
[3.763s] INFO:colcon.colcon_core.shell:Creating prefix script '/home/telemaque/RL_finalproject/install/local_setup.zsh'
[3.764s] INFO:colcon.colcon_core.shell:Creating prefix chain script '/home/telemaque/RL_finalproject/install/setup.zsh'
