[0.108s] DEBUG:colcon:Command line arguments: ['/usr/bin/colcon', 'build', '--symlink-install', '--cmake-args', '-DROS_DISTRO=jazzy']
[0.108s] DEBUG:colcon:Parsed command line arguments: Namespace(log_base=None, log_level=None, verb_name='build', build_base='build', install_base='install', merge_install=False, symlink_install=True, test_result_base=None, continue_on_error=False, executor='parallel', parallel_workers=12, event_handlers=None, ignore_user_meta=False, metas=['./colcon.meta'], base_paths=['.'], packages_ignore=None, packages_ignore_regex=None, paths=None, packages_up_to=None, packages_up_to_regex=None, packages_above=None, packages_above_and_dependencies=None, packages_above_depth=None, packages_select_by_dep=None, packages_skip_by_dep=None, packages_skip_up_to=None, packages_select_build_failed=False, packages_skip_build_finished=False, packages_select_test_failures=False, packages_skip_test_passed=False, packages_select=None, packages_skip=None, packages_select_regex=None, packages_skip_regex=None, packages_start=None, packages_end=None, allow_overriding=[], cmake_args=['-DROS_DISTRO=jazzy'], cmake_target=None, cmake_target_skip_unavailable=False, cmake_clean_cache=False, cmake_clean_first=False, cmake_force_configure=False, ament_cmake_args=None, catkin_cmake_args=None, catkin_skip_building_tests=False, verb_parser=<colcon_defaults.argument_parser.defaults.DefaultArgumentsDecorator object at 0x791faee14190>, verb_extension=<colcon_core.verb.build.BuildVerb object at 0x791faeef9c00>, main=<bound method BuildVerb.main of <colcon_core.verb.build.BuildVerb object at 0x791faeef9c00>>)
[0.245s] Level 1:colcon.colcon_core.package_discovery:discover_packages(colcon_meta) check parameters
[0.245s] Level 1:colcon.colcon_core.package_discovery:discover_packages(recursive) check parameters
[0.245s] Level 1:colcon.colcon_core.package_discovery:discover_packages(ignore) check parameters
[0.245s] Level 1:colcon.colcon_core.package_discovery:discover_packages(path) check parameters
[0.245s] Level 1:colcon.colcon_core.package_discovery:discover_packages(colcon_meta) discover
[0.245s] Level 1:colcon.colcon_core.package_discovery:discover_packages(recursive) discover
[0.245s] INFO:colcon.colcon_core.package_discovery:Crawling recursively for packages in '/home/telemaque/maze_ws'
[0.246s] Level 1:colcon.colcon_core.package_identification:_identify(.) by extensions ['ignore', 'ignore_ament_install']
[0.246s] Level 1:colcon.colcon_core.package_identification:_identify(.) by extension 'ignore'
[0.246s] Level 1:colcon.colcon_core.package_identification:_identify(.) by extension 'ignore_ament_install'
[0.246s] Level 1:colcon.colcon_core.package_identification:_identify(.) by extensions ['colcon_pkg']
[0.246s] Level 1:colcon.colcon_core.package_identification:_identify(.) by extension 'colcon_pkg'
[0.246s] Level 1:colcon.colcon_core.package_identification:_identify(.) by extensions ['colcon_meta']
[0.246s] Level 1:colcon.colcon_core.package_identification:_identify(.) by extension 'colcon_meta'
[0.246s] Level 1:colcon.colcon_core.package_identification:_identify(.) by extensions ['ros']
[0.246s] Level 1:colcon.colcon_core.package_identification:_identify(.) by extension 'ros'
[0.279s] Level 1:colcon.colcon_core.package_identification:_identify(.) by extensions ['cmake', 'python']
[0.280s] Level 1:colcon.colcon_core.package_identification:_identify(.) by extension 'cmake'
[0.280s] Level 1:colcon.colcon_core.package_identification:_identify(.) by extension 'python'
[0.280s] Level 1:colcon.colcon_core.package_identification:_identify(.) by extensions ['python_setup_py']
[0.280s] Level 1:colcon.colcon_core.package_identification:_identify(.) by extension 'python_setup_py'
[0.280s] Level 1:colcon.colcon_core.package_identification:_identify(build) by extensions ['ignore', 'ignore_ament_install']
[0.280s] Level 1:colcon.colcon_core.package_identification:_identify(build) by extension 'ignore'
[0.280s] Level 1:colcon.colcon_core.package_identification:_identify(build) ignored
[0.280s] Level 1:colcon.colcon_core.package_identification:_identify(install) by extensions ['ignore', 'ignore_ament_install']
[0.280s] Level 1:colcon.colcon_core.package_identification:_identify(install) by extension 'ignore'
[0.280s] Level 1:colcon.colcon_core.package_identification:_identify(install) ignored
[0.280s] Level 1:colcon.colcon_core.package_identification:_identify(log) by extensions ['ignore', 'ignore_ament_install']
[0.281s] Level 1:colcon.colcon_core.package_identification:_identify(log) by extension 'ignore'
[0.281s] Level 1:colcon.colcon_core.package_identification:_identify(log) ignored
[0.281s] Level 1:colcon.colcon_core.package_identification:_identify(scripts) by extensions ['ignore', 'ignore_ament_install']
[0.281s] Level 1:colcon.colcon_core.package_identification:_identify(scripts) by extension 'ignore'
[0.281s] Level 1:colcon.colcon_core.package_identification:_identify(scripts) by extension 'ignore_ament_install'
[0.281s] Level 1:colcon.colcon_core.package_identification:_identify(scripts) by extensions ['colcon_pkg']
[0.281s] Level 1:colcon.colcon_core.package_identification:_identify(scripts) by extension 'colcon_pkg'
[0.281s] Level 1:colcon.colcon_core.package_identification:_identify(scripts) by extensions ['colcon_meta']
[0.281s] Level 1:colcon.colcon_core.package_identification:_identify(scripts) by extension 'colcon_meta'
[0.281s] Level 1:colcon.colcon_core.package_identification:_identify(scripts) by extensions ['ros']
[0.281s] Level 1:colcon.colcon_core.package_identification:_identify(scripts) by extension 'ros'
[0.281s] Level 1:colcon.colcon_core.package_identification:_identify(scripts) by extensions ['cmake', 'python']
[0.281s] Level 1:colcon.colcon_core.package_identification:_identify(scripts) by extension 'cmake'
[0.281s] Level 1:colcon.colcon_core.package_identification:_identify(scripts) by extension 'python'
[0.281s] Level 1:colcon.colcon_core.package_identification:_identify(scripts) by extensions ['python_setup_py']
[0.281s] Level 1:colcon.colcon_core.package_identification:_identify(scripts) by extension 'python_setup_py'
[0.281s] Level 1:colcon.colcon_core.package_identification:_identify(src) by extensions ['ignore', 'ignore_ament_install']
[0.281s] Level 1:colcon.colcon_core.package_identification:_identify(src) by extension 'ignore'
[0.281s] Level 1:colcon.colcon_core.package_identification:_identify(src) by extension 'ignore_ament_install'
[0.281s] Level 1:colcon.colcon_core.package_identification:_identify(src) by extensions ['colcon_pkg']
[0.282s] Level 1:colcon.colcon_core.package_identification:_identify(src) by extension 'colcon_pkg'
[0.282s] Level 1:colcon.colcon_core.package_identification:_identify(src) by extensions ['colcon_meta']
[0.282s] Level 1:colcon.colcon_core.package_identification:_identify(src) by extension 'colcon_meta'
[0.282s] Level 1:colcon.colcon_core.package_identification:_identify(src) by extensions ['ros']
[0.282s] Level 1:colcon.colcon_core.package_identification:_identify(src) by extension 'ros'
[0.282s] Level 1:colcon.colcon_core.package_identification:_identify(src) by extensions ['cmake', 'python']
[0.282s] Level 1:colcon.colcon_core.package_identification:_identify(src) by extension 'cmake'
[0.282s] Level 1:colcon.colcon_core.package_identification:_identify(src) by extension 'python'
[0.282s] Level 1:colcon.colcon_core.package_identification:_identify(src) by extensions ['python_setup_py']
[0.282s] Level 1:colcon.colcon_core.package_identification:_identify(src) by extension 'python_setup_py'
[0.282s] Level 1:colcon.colcon_core.package_identification:_identify(src/PX4-ROS2-SLAM-Control) by extensions ['ignore', 'ignore_ament_install']
[0.282s] Level 1:colcon.colcon_core.package_identification:_identify(src/PX4-ROS2-SLAM-Control) by extension 'ignore'
[0.282s] Level 1:colcon.colcon_core.package_identification:_identify(src/PX4-ROS2-SLAM-Control) by extension 'ignore_ament_install'
[0.282s] Level 1:colcon.colcon_core.package_identification:_identify(src/PX4-ROS2-SLAM-Control) by extensions ['colcon_pkg']
[0.282s] Level 1:colcon.colcon_core.package_identification:_identify(src/PX4-ROS2-SLAM-Control) by extension 'colcon_pkg'
[0.282s] Level 1:colcon.colcon_core.package_identification:_identify(src/PX4-ROS2-SLAM-Control) by extensions ['colcon_meta']
[0.282s] Level 1:colcon.colcon_core.package_identification:_identify(src/PX4-ROS2-SLAM-Control) by extension 'colcon_meta'
[0.282s] Level 1:colcon.colcon_core.package_identification:_identify(src/PX4-ROS2-SLAM-Control) by extensions ['ros']
[0.282s] Level 1:colcon.colcon_core.package_identification:_identify(src/PX4-ROS2-SLAM-Control) by extension 'ros'
[0.282s] Level 1:colcon.colcon_core.package_identification:_identify(src/PX4-ROS2-SLAM-Control) by extensions ['cmake', 'python']
[0.282s] Level 1:colcon.colcon_core.package_identification:_identify(src/PX4-ROS2-SLAM-Control) by extension 'cmake'
[0.282s] Level 1:colcon.colcon_core.package_identification:_identify(src/PX4-ROS2-SLAM-Control) by extension 'python'
[0.282s] Level 1:colcon.colcon_core.package_identification:_identify(src/PX4-ROS2-SLAM-Control) by extensions ['python_setup_py']
[0.282s] Level 1:colcon.colcon_core.package_identification:_identify(src/PX4-ROS2-SLAM-Control) by extension 'python_setup_py'
[0.283s] Level 1:colcon.colcon_core.package_identification:_identify(src/PX4-ROS2-SLAM-Control/Dimaris) by extensions ['ignore', 'ignore_ament_install']
[0.283s] Level 1:colcon.colcon_core.package_identification:_identify(src/PX4-ROS2-SLAM-Control/Dimaris) by extension 'ignore'
[0.283s] Level 1:colcon.colcon_core.package_identification:_identify(src/PX4-ROS2-SLAM-Control/Dimaris) by extension 'ignore_ament_install'
[0.283s] Level 1:colcon.colcon_core.package_identification:_identify(src/PX4-ROS2-SLAM-Control/Dimaris) by extensions ['colcon_pkg']
[0.283s] Level 1:colcon.colcon_core.package_identification:_identify(src/PX4-ROS2-SLAM-Control/Dimaris) by extension 'colcon_pkg'
[0.283s] Level 1:colcon.colcon_core.package_identification:_identify(src/PX4-ROS2-SLAM-Control/Dimaris) by extensions ['colcon_meta']
[0.283s] Level 1:colcon.colcon_core.package_identification:_identify(src/PX4-ROS2-SLAM-Control/Dimaris) by extension 'colcon_meta'
[0.283s] Level 1:colcon.colcon_core.package_identification:_identify(src/PX4-ROS2-SLAM-Control/Dimaris) by extensions ['ros']
[0.283s] Level 1:colcon.colcon_core.package_identification:_identify(src/PX4-ROS2-SLAM-Control/Dimaris) by extension 'ros'
[0.283s] Level 1:colcon.colcon_core.package_identification:_identify(src/PX4-ROS2-SLAM-Control/Dimaris) by extensions ['cmake', 'python']
[0.283s] Level 1:colcon.colcon_core.package_identification:_identify(src/PX4-ROS2-SLAM-Control/Dimaris) by extension 'cmake'
[0.283s] Level 1:colcon.colcon_core.package_identification:_identify(src/PX4-ROS2-SLAM-Control/Dimaris) by extension 'python'
[0.283s] Level 1:colcon.colcon_core.package_identification:_identify(src/PX4-ROS2-SLAM-Control/Dimaris) by extensions ['python_setup_py']
[0.283s] Level 1:colcon.colcon_core.package_identification:_identify(src/PX4-ROS2-SLAM-Control/Dimaris) by extension 'python_setup_py'
[0.283s] Level 1:colcon.colcon_core.package_identification:_identify(src/PX4-ROS2-SLAM-Control/drone_slam) by extensions ['ignore', 'ignore_ament_install']
[0.283s] Level 1:colcon.colcon_core.package_identification:_identify(src/PX4-ROS2-SLAM-Control/drone_slam) by extension 'ignore'
[0.283s] Level 1:colcon.colcon_core.package_identification:_identify(src/PX4-ROS2-SLAM-Control/drone_slam) by extension 'ignore_ament_install'
[0.283s] Level 1:colcon.colcon_core.package_identification:_identify(src/PX4-ROS2-SLAM-Control/drone_slam) by extensions ['colcon_pkg']
[0.283s] Level 1:colcon.colcon_core.package_identification:_identify(src/PX4-ROS2-SLAM-Control/drone_slam) by extension 'colcon_pkg'
[0.283s] Level 1:colcon.colcon_core.package_identification:_identify(src/PX4-ROS2-SLAM-Control/drone_slam) by extensions ['colcon_meta']
[0.283s] Level 1:colcon.colcon_core.package_identification:_identify(src/PX4-ROS2-SLAM-Control/drone_slam) by extension 'colcon_meta'
[0.284s] Level 1:colcon.colcon_core.package_identification:_identify(src/PX4-ROS2-SLAM-Control/drone_slam) by extensions ['ros']
[0.284s] Level 1:colcon.colcon_core.package_identification:_identify(src/PX4-ROS2-SLAM-Control/drone_slam) by extension 'ros'
[0.287s] DEBUG:colcon.colcon_core.package_identification:Package 'src/PX4-ROS2-SLAM-Control/drone_slam' with type 'ros.ament_python' and name 'drone_slam'
[0.287s] Level 1:colcon.colcon_core.package_identification:_identify(src/PX4-ROS2-SLAM-Control/drone_slam_cam) by extensions ['ignore', 'ignore_ament_install']
[0.287s] Level 1:colcon.colcon_core.package_identification:_identify(src/PX4-ROS2-SLAM-Control/drone_slam_cam) by extension 'ignore'
[0.287s] Level 1:colcon.colcon_core.package_identification:_identify(src/PX4-ROS2-SLAM-Control/drone_slam_cam) by extension 'ignore_ament_install'
[0.287s] Level 1:colcon.colcon_core.package_identification:_identify(src/PX4-ROS2-SLAM-Control/drone_slam_cam) by extensions ['colcon_pkg']
[0.287s] Level 1:colcon.colcon_core.package_identification:_identify(src/PX4-ROS2-SLAM-Control/drone_slam_cam) by extension 'colcon_pkg'
[0.287s] Level 1:colcon.colcon_core.package_identification:_identify(src/PX4-ROS2-SLAM-Control/drone_slam_cam) by extensions ['colcon_meta']
[0.287s] Level 1:colcon.colcon_core.package_identification:_identify(src/PX4-ROS2-SLAM-Control/drone_slam_cam) by extension 'colcon_meta'
[0.287s] Level 1:colcon.colcon_core.package_identification:_identify(src/PX4-ROS2-SLAM-Control/drone_slam_cam) by extensions ['ros']
[0.287s] Level 1:colcon.colcon_core.package_identification:_identify(src/PX4-ROS2-SLAM-Control/drone_slam_cam) by extension 'ros'
[0.289s] DEBUG:colcon.colcon_core.package_identification:Package 'src/PX4-ROS2-SLAM-Control/drone_slam_cam' with type 'ros.ament_python' and name 'drone_slam_cam'
[0.289s] Level 1:colcon.colcon_core.package_identification:_identify(src/PX4-ROS2-SLAM-Control/px4_rl_project) by extensions ['ignore', 'ignore_ament_install']
[0.289s] Level 1:colcon.colcon_core.package_identification:_identify(src/PX4-ROS2-SLAM-Control/px4_rl_project) by extension 'ignore'
[0.289s] Level 1:colcon.colcon_core.package_identification:_identify(src/PX4-ROS2-SLAM-Control/px4_rl_project) by extension 'ignore_ament_install'
[0.289s] Level 1:colcon.colcon_core.package_identification:_identify(src/PX4-ROS2-SLAM-Control/px4_rl_project) by extensions ['colcon_pkg']
[0.289s] Level 1:colcon.colcon_core.package_identification:_identify(src/PX4-ROS2-SLAM-Control/px4_rl_project) by extension 'colcon_pkg'
[0.289s] Level 1:colcon.colcon_core.package_identification:_identify(src/PX4-ROS2-SLAM-Control/px4_rl_project) by extensions ['colcon_meta']
[0.289s] Level 1:colcon.colcon_core.package_identification:_identify(src/PX4-ROS2-SLAM-Control/px4_rl_project) by extension 'colcon_meta'
[0.289s] Level 1:colcon.colcon_core.package_identification:_identify(src/PX4-ROS2-SLAM-Control/px4_rl_project) by extensions ['ros']
[0.289s] Level 1:colcon.colcon_core.package_identification:_identify(src/PX4-ROS2-SLAM-Control/px4_rl_project) by extension 'ros'
[0.290s] DEBUG:colcon.colcon_core.package_identification:Package 'src/PX4-ROS2-SLAM-Control/px4_rl_project' with type 'ros.ament_python' and name 'px4_rl_project'
[0.290s] Level 1:colcon.colcon_core.package_identification:_identify(src/PX4-ROS2-SLAM-Control/yolo_ros) by extensions ['ignore', 'ignore_ament_install']
[0.290s] Level 1:colcon.colcon_core.package_identification:_identify(src/PX4-ROS2-SLAM-Control/yolo_ros) by extension 'ignore'
[0.290s] Level 1:colcon.colcon_core.package_identification:_identify(src/PX4-ROS2-SLAM-Control/yolo_ros) by extension 'ignore_ament_install'
[0.290s] Level 1:colcon.colcon_core.package_identification:_identify(src/PX4-ROS2-SLAM-Control/yolo_ros) by extensions ['colcon_pkg']
[0.290s] Level 1:colcon.colcon_core.package_identification:_identify(src/PX4-ROS2-SLAM-Control/yolo_ros) by extension 'colcon_pkg'
[0.290s] Level 1:colcon.colcon_core.package_identification:_identify(src/PX4-ROS2-SLAM-Control/yolo_ros) by extensions ['colcon_meta']
[0.291s] Level 1:colcon.colcon_core.package_identification:_identify(src/PX4-ROS2-SLAM-Control/yolo_ros) by extension 'colcon_meta'
[0.291s] Level 1:colcon.colcon_core.package_identification:_identify(src/PX4-ROS2-SLAM-Control/yolo_ros) by extensions ['ros']
[0.291s] Level 1:colcon.colcon_core.package_identification:_identify(src/PX4-ROS2-SLAM-Control/yolo_ros) by extension 'ros'
[0.291s] Level 1:colcon.colcon_core.package_identification:_identify(src/PX4-ROS2-SLAM-Control/yolo_ros) by extensions ['cmake', 'python']
[0.291s] Level 1:colcon.colcon_core.package_identification:_identify(src/PX4-ROS2-SLAM-Control/yolo_ros) by extension 'cmake'
[0.291s] Level 1:colcon.colcon_core.package_identification:_identify(src/PX4-ROS2-SLAM-Control/yolo_ros) by extension 'python'
[0.291s] Level 1:colcon.colcon_core.package_identification:_identify(src/PX4-ROS2-SLAM-Control/yolo_ros) by extensions ['python_setup_py']
[0.291s] Level 1:colcon.colcon_core.package_identification:_identify(src/PX4-ROS2-SLAM-Control/yolo_ros) by extension 'python_setup_py'
[0.291s] Level 1:colcon.colcon_core.package_identification:_identify(src/m-explore-ros2) by extensions ['ignore', 'ignore_ament_install']
[0.291s] Level 1:colcon.colcon_core.package_identification:_identify(src/m-explore-ros2) by extension 'ignore'
[0.291s] Level 1:colcon.colcon_core.package_identification:_identify(src/m-explore-ros2) by extension 'ignore_ament_install'
[0.291s] Level 1:colcon.colcon_core.package_identification:_identify(src/m-explore-ros2) by extensions ['colcon_pkg']
[0.291s] Level 1:colcon.colcon_core.package_identification:_identify(src/m-explore-ros2) by extension 'colcon_pkg'
[0.291s] Level 1:colcon.colcon_core.package_identification:_identify(src/m-explore-ros2) by extensions ['colcon_meta']
[0.291s] Level 1:colcon.colcon_core.package_identification:_identify(src/m-explore-ros2) by extension 'colcon_meta'
[0.291s] Level 1:colcon.colcon_core.package_identification:_identify(src/m-explore-ros2) by extensions ['ros']
[0.291s] Level 1:colcon.colcon_core.package_identification:_identify(src/m-explore-ros2) by extension 'ros'
[0.291s] Level 1:colcon.colcon_core.package_identification:_identify(src/m-explore-ros2) by extensions ['cmake', 'python']
[0.291s] Level 1:colcon.colcon_core.package_identification:_identify(src/m-explore-ros2) by extension 'cmake'
[0.291s] Level 1:colcon.colcon_core.package_identification:_identify(src/m-explore-ros2) by extension 'python'
[0.292s] Level 1:colcon.colcon_core.package_identification:_identify(src/m-explore-ros2) by extensions ['python_setup_py']
[0.292s] Level 1:colcon.colcon_core.package_identification:_identify(src/m-explore-ros2) by extension 'python_setup_py'
[0.292s] Level 1:colcon.colcon_core.package_identification:_identify(src/m-explore-ros2/explore) by extensions ['ignore', 'ignore_ament_install']
[0.292s] Level 1:colcon.colcon_core.package_identification:_identify(src/m-explore-ros2/explore) by extension 'ignore'
[0.292s] Level 1:colcon.colcon_core.package_identification:_identify(src/m-explore-ros2/explore) by extension 'ignore_ament_install'
[0.292s] Level 1:colcon.colcon_core.package_identification:_identify(src/m-explore-ros2/explore) by extensions ['colcon_pkg']
[0.292s] Level 1:colcon.colcon_core.package_identification:_identify(src/m-explore-ros2/explore) by extension 'colcon_pkg'
[0.292s] Level 1:colcon.colcon_core.package_identification:_identify(src/m-explore-ros2/explore) by extensions ['colcon_meta']
[0.292s] Level 1:colcon.colcon_core.package_identification:_identify(src/m-explore-ros2/explore) by extension 'colcon_meta'
[0.292s] Level 1:colcon.colcon_core.package_identification:_identify(src/m-explore-ros2/explore) by extensions ['ros']
[0.292s] Level 1:colcon.colcon_core.package_identification:_identify(src/m-explore-ros2/explore) by extension 'ros'
[0.293s] DEBUG:colcon.colcon_core.package_identification:Package 'src/m-explore-ros2/explore' with type 'ros.ament_cmake' and name 'explore_lite'
[0.294s] Level 1:colcon.colcon_core.package_identification:_identify(src/m-explore-ros2/map_merge) by extensions ['ignore', 'ignore_ament_install']
[0.294s] Level 1:colcon.colcon_core.package_identification:_identify(src/m-explore-ros2/map_merge) by extension 'ignore'
[0.294s] Level 1:colcon.colcon_core.package_identification:_identify(src/m-explore-ros2/map_merge) by extension 'ignore_ament_install'
[0.294s] Level 1:colcon.colcon_core.package_identification:_identify(src/m-explore-ros2/map_merge) by extensions ['colcon_pkg']
[0.294s] Level 1:colcon.colcon_core.package_identification:_identify(src/m-explore-ros2/map_merge) by extension 'colcon_pkg'
[0.294s] Level 1:colcon.colcon_core.package_identification:_identify(src/m-explore-ros2/map_merge) by extensions ['colcon_meta']
[0.294s] Level 1:colcon.colcon_core.package_identification:_identify(src/m-explore-ros2/map_merge) by extension 'colcon_meta'
[0.294s] Level 1:colcon.colcon_core.package_identification:_identify(src/m-explore-ros2/map_merge) by extensions ['ros']
[0.294s] Level 1:colcon.colcon_core.package_identification:_identify(src/m-explore-ros2/map_merge) by extension 'ros'
[0.295s] DEBUG:colcon.colcon_core.package_identification:Package 'src/m-explore-ros2/map_merge' with type 'ros.ament_cmake' and name 'multirobot_map_merge'
[0.295s] Level 1:colcon.colcon_core.package_identification:_identify(src/maze_gazebo) by extensions ['ignore', 'ignore_ament_install']
[0.296s] Level 1:colcon.colcon_core.package_identification:_identify(src/maze_gazebo) by extension 'ignore'
[0.296s] Level 1:colcon.colcon_core.package_identification:_identify(src/maze_gazebo) by extension 'ignore_ament_install'
[0.296s] Level 1:colcon.colcon_core.package_identification:_identify(src/maze_gazebo) by extensions ['colcon_pkg']
[0.296s] Level 1:colcon.colcon_core.package_identification:_identify(src/maze_gazebo) by extension 'colcon_pkg'
[0.296s] Level 1:colcon.colcon_core.package_identification:_identify(src/maze_gazebo) by extensions ['colcon_meta']
[0.296s] Level 1:colcon.colcon_core.package_identification:_identify(src/maze_gazebo) by extension 'colcon_meta'
[0.296s] Level 1:colcon.colcon_core.package_identification:_identify(src/maze_gazebo) by extensions ['ros']
[0.296s] Level 1:colcon.colcon_core.package_identification:_identify(src/maze_gazebo) by extension 'ros'
[0.296s] DEBUG:colcon.colcon_core.package_identification:Package 'src/maze_gazebo' with type 'ros.ament_cmake' and name 'maze_gazebo'
[0.297s] Level 1:colcon.colcon_core.package_identification:_identify(src/maze_mission) by extensions ['ignore', 'ignore_ament_install']
[0.297s] Level 1:colcon.colcon_core.package_identification:_identify(src/maze_mission) by extension 'ignore'
[0.297s] Level 1:colcon.colcon_core.package_identification:_identify(src/maze_mission) by extension 'ignore_ament_install'
[0.297s] Level 1:colcon.colcon_core.package_identification:_identify(src/maze_mission) by extensions ['colcon_pkg']
[0.297s] Level 1:colcon.colcon_core.package_identification:_identify(src/maze_mission) by extension 'colcon_pkg'
[0.297s] Level 1:colcon.colcon_core.package_identification:_identify(src/maze_mission) by extensions ['colcon_meta']
[0.297s] Level 1:colcon.colcon_core.package_identification:_identify(src/maze_mission) by extension 'colcon_meta'
[0.297s] Level 1:colcon.colcon_core.package_identification:_identify(src/maze_mission) by extensions ['ros']
[0.297s] Level 1:colcon.colcon_core.package_identification:_identify(src/maze_mission) by extension 'ros'
[0.298s] DEBUG:colcon.colcon_core.package_identification:Package 'src/maze_mission' with type 'ros.ament_python' and name 'maze_mission'
[0.298s] Level 1:colcon.colcon_core.package_identification:_identify(src/maze_msgs) by extensions ['ignore', 'ignore_ament_install']
[0.298s] Level 1:colcon.colcon_core.package_identification:_identify(src/maze_msgs) by extension 'ignore'
[0.298s] Level 1:colcon.colcon_core.package_identification:_identify(src/maze_msgs) by extension 'ignore_ament_install'
[0.298s] Level 1:colcon.colcon_core.package_identification:_identify(src/maze_msgs) by extensions ['colcon_pkg']
[0.298s] Level 1:colcon.colcon_core.package_identification:_identify(src/maze_msgs) by extension 'colcon_pkg'
[0.298s] Level 1:colcon.colcon_core.package_identification:_identify(src/maze_msgs) by extensions ['colcon_meta']
[0.298s] Level 1:colcon.colcon_core.package_identification:_identify(src/maze_msgs) by extension 'colcon_meta'
[0.298s] Level 1:colcon.colcon_core.package_identification:_identify(src/maze_msgs) by extensions ['ros']
[0.298s] Level 1:colcon.colcon_core.package_identification:_identify(src/maze_msgs) by extension 'ros'
[0.299s] DEBUG:colcon.colcon_core.package_identification:Package 'src/maze_msgs' with type 'ros.ament_cmake' and name 'maze_msgs'
[0.299s] Level 1:colcon.colcon_core.package_identification:_identify(src/maze_nav2) by extensions ['ignore', 'ignore_ament_install']
[0.299s] Level 1:colcon.colcon_core.package_identification:_identify(src/maze_nav2) by extension 'ignore'
[0.299s] Level 1:colcon.colcon_core.package_identification:_identify(src/maze_nav2) by extension 'ignore_ament_install'
[0.299s] Level 1:colcon.colcon_core.package_identification:_identify(src/maze_nav2) by extensions ['colcon_pkg']
[0.300s] Level 1:colcon.colcon_core.package_identification:_identify(src/maze_nav2) by extension 'colcon_pkg'
[0.300s] Level 1:colcon.colcon_core.package_identification:_identify(src/maze_nav2) by extensions ['colcon_meta']
[0.300s] Level 1:colcon.colcon_core.package_identification:_identify(src/maze_nav2) by extension 'colcon_meta'
[0.300s] Level 1:colcon.colcon_core.package_identification:_identify(src/maze_nav2) by extensions ['ros']
[0.300s] Level 1:colcon.colcon_core.package_identification:_identify(src/maze_nav2) by extension 'ros'
[0.300s] DEBUG:colcon.colcon_core.package_identification:Package 'src/maze_nav2' with type 'ros.ament_cmake' and name 'maze_nav2'
[0.301s] Level 1:colcon.colcon_core.package_identification:_identify(src/px4_msgs) by extensions ['ignore', 'ignore_ament_install']
[0.301s] Level 1:colcon.colcon_core.package_identification:_identify(src/px4_msgs) by extension 'ignore'
[0.301s] Level 1:colcon.colcon_core.package_identification:_identify(src/px4_msgs) by extension 'ignore_ament_install'
[0.301s] Level 1:colcon.colcon_core.package_identification:_identify(src/px4_msgs) by extensions ['colcon_pkg']
[0.301s] Level 1:colcon.colcon_core.package_identification:_identify(src/px4_msgs) by extension 'colcon_pkg'
[0.301s] Level 1:colcon.colcon_core.package_identification:_identify(src/px4_msgs) by extensions ['colcon_meta']
[0.301s] Level 1:colcon.colcon_core.package_identification:_identify(src/px4_msgs) by extension 'colcon_meta'
[0.301s] Level 1:colcon.colcon_core.package_identification:_identify(src/px4_msgs) by extensions ['ros']
[0.301s] Level 1:colcon.colcon_core.package_identification:_identify(src/px4_msgs) by extension 'ros'
[0.302s] DEBUG:colcon.colcon_core.package_identification:Package 'src/px4_msgs' with type 'ros.ament_cmake' and name 'px4_msgs'
[0.302s] Level 1:colcon.colcon_core.package_discovery:discover_packages(recursive) using defaults
[0.302s] Level 1:colcon.colcon_core.package_discovery:discover_packages(ignore) discover
[0.302s] Level 1:colcon.colcon_core.package_discovery:discover_packages(ignore) using defaults
[0.302s] Level 1:colcon.colcon_core.package_discovery:discover_packages(path) discover
[0.302s] Level 1:colcon.colcon_core.package_discovery:discover_packages(path) using defaults
[0.342s] Level 1:colcon.colcon_core.package_discovery:discover_packages(prefix_path) check parameters
[0.342s] Level 1:colcon.colcon_core.package_discovery:discover_packages(prefix_path) discover
[0.344s] DEBUG:colcon.colcon_installed_package_information.package_discovery:Found 1 installed packages in /home/telemaque/maze_ws/install
[0.344s] Level 1:colcon.colcon_core.package_discovery:discover_packages(prefix_path) using defaults
[0.345s] Level 5:colcon.colcon_core.verb:set package 'explore_lite' build argument 'cmake_args' from command line to '['-DROS_DISTRO=jazzy']'
[0.345s] Level 5:colcon.colcon_core.verb:set package 'explore_lite' build argument 'cmake_target' from command line to 'None'
[0.345s] Level 5:colcon.colcon_core.verb:set package 'explore_lite' build argument 'cmake_target_skip_unavailable' from command line to 'False'
[0.345s] Level 5:colcon.colcon_core.verb:set package 'explore_lite' build argument 'cmake_clean_cache' from command line to 'False'
[0.345s] Level 5:colcon.colcon_core.verb:set package 'explore_lite' build argument 'cmake_clean_first' from command line to 'False'
[0.345s] Level 5:colcon.colcon_core.verb:set package 'explore_lite' build argument 'cmake_force_configure' from command line to 'False'
[0.345s] Level 5:colcon.colcon_core.verb:set package 'explore_lite' build argument 'ament_cmake_args' from command line to 'None'
[0.345s] Level 5:colcon.colcon_core.verb:set package 'explore_lite' build argument 'catkin_cmake_args' from command line to 'None'
[0.345s] Level 5:colcon.colcon_core.verb:set package 'explore_lite' build argument 'catkin_skip_building_tests' from command line to 'False'
[0.345s] DEBUG:colcon.colcon_core.verb:Building package 'explore_lite' with the following arguments: {'ament_cmake_args': None, 'build_base': '/home/telemaque/maze_ws/build/explore_lite', 'catkin_cmake_args': None, 'catkin_skip_building_tests': False, 'cmake_args': ['-DROS_DISTRO=jazzy'], 'cmake_clean_cache': False, 'cmake_clean_first': False, 'cmake_force_configure': False, 'cmake_target': None, 'cmake_target_skip_unavailable': False, 'install_base': '/home/telemaque/maze_ws/install/explore_lite', 'merge_install': False, 'path': '/home/telemaque/maze_ws/src/m-explore-ros2/explore', 'symlink_install': True, 'test_result_base': None}
[0.346s] Level 5:colcon.colcon_core.verb:set package 'maze_gazebo' build argument 'cmake_args' from command line to '['-DROS_DISTRO=jazzy']'
[0.346s] Level 5:colcon.colcon_core.verb:set package 'maze_gazebo' build argument 'cmake_target' from command line to 'None'
[0.346s] Level 5:colcon.colcon_core.verb:set package 'maze_gazebo' build argument 'cmake_target_skip_unavailable' from command line to 'False'
[0.346s] Level 5:colcon.colcon_core.verb:set package 'maze_gazebo' build argument 'cmake_clean_cache' from command line to 'False'
[0.346s] Level 5:colcon.colcon_core.verb:set package 'maze_gazebo' build argument 'cmake_clean_first' from command line to 'False'
[0.346s] Level 5:colcon.colcon_core.verb:set package 'maze_gazebo' build argument 'cmake_force_configure' from command line to 'False'
[0.346s] Level 5:colcon.colcon_core.verb:set package 'maze_gazebo' build argument 'ament_cmake_args' from command line to 'None'
[0.346s] Level 5:colcon.colcon_core.verb:set package 'maze_gazebo' build argument 'catkin_cmake_args' from command line to 'None'
[0.346s] Level 5:colcon.colcon_core.verb:set package 'maze_gazebo' build argument 'catkin_skip_building_tests' from command line to 'False'
[0.346s] DEBUG:colcon.colcon_core.verb:Building package 'maze_gazebo' with the following arguments: {'ament_cmake_args': None, 'build_base': '/home/telemaque/maze_ws/build/maze_gazebo', 'catkin_cmake_args': None, 'catkin_skip_building_tests': False, 'cmake_args': ['-DROS_DISTRO=jazzy'], 'cmake_clean_cache': False, 'cmake_clean_first': False, 'cmake_force_configure': False, 'cmake_target': None, 'cmake_target_skip_unavailable': False, 'install_base': '/home/telemaque/maze_ws/install/maze_gazebo', 'merge_install': False, 'path': '/home/telemaque/maze_ws/src/maze_gazebo', 'symlink_install': True, 'test_result_base': None}
[0.346s] Level 5:colcon.colcon_core.verb:set package 'maze_msgs' build argument 'cmake_args' from command line to '['-DROS_DISTRO=jazzy']'
[0.346s] Level 5:colcon.colcon_core.verb:set package 'maze_msgs' build argument 'cmake_target' from command line to 'None'
[0.346s] Level 5:colcon.colcon_core.verb:set package 'maze_msgs' build argument 'cmake_target_skip_unavailable' from command line to 'False'
[0.346s] Level 5:colcon.colcon_core.verb:set package 'maze_msgs' build argument 'cmake_clean_cache' from command line to 'False'
[0.347s] Level 5:colcon.colcon_core.verb:set package 'maze_msgs' build argument 'cmake_clean_first' from command line to 'False'
[0.347s] Level 5:colcon.colcon_core.verb:set package 'maze_msgs' build argument 'cmake_force_configure' from command line to 'False'
[0.347s] Level 5:colcon.colcon_core.verb:set package 'maze_msgs' build argument 'ament_cmake_args' from command line to 'None'
[0.347s] Level 5:colcon.colcon_core.verb:set package 'maze_msgs' build argument 'catkin_cmake_args' from command line to 'None'
[0.347s] Level 5:colcon.colcon_core.verb:set package 'maze_msgs' build argument 'catkin_skip_building_tests' from command line to 'False'
[0.347s] DEBUG:colcon.colcon_core.verb:Building package 'maze_msgs' with the following arguments: {'ament_cmake_args': None, 'build_base': '/home/telemaque/maze_ws/build/maze_msgs', 'catkin_cmake_args': None, 'catkin_skip_building_tests': False, 'cmake_args': ['-DROS_DISTRO=jazzy'], 'cmake_clean_cache': False, 'cmake_clean_first': False, 'cmake_force_configure': False, 'cmake_target': None, 'cmake_target_skip_unavailable': False, 'install_base': '/home/telemaque/maze_ws/install/maze_msgs', 'merge_install': False, 'path': '/home/telemaque/maze_ws/src/maze_msgs', 'symlink_install': True, 'test_result_base': None}
[0.347s] Level 5:colcon.colcon_core.verb:set package 'maze_nav2' build argument 'cmake_args' from command line to '['-DROS_DISTRO=jazzy']'
[0.347s] Level 5:colcon.colcon_core.verb:set package 'maze_nav2' build argument 'cmake_target' from command line to 'None'
[0.347s] Level 5:colcon.colcon_core.verb:set package 'maze_nav2' build argument 'cmake_target_skip_unavailable' from command line to 'False'
[0.347s] Level 5:colcon.colcon_core.verb:set package 'maze_nav2' build argument 'cmake_clean_cache' from command line to 'False'
[0.347s] Level 5:colcon.colcon_core.verb:set package 'maze_nav2' build argument 'cmake_clean_first' from command line to 'False'
[0.347s] Level 5:colcon.colcon_core.verb:set package 'maze_nav2' build argument 'cmake_force_configure' from command line to 'False'
[0.347s] Level 5:colcon.colcon_core.verb:set package 'maze_nav2' build argument 'ament_cmake_args' from command line to 'None'
[0.347s] Level 5:colcon.colcon_core.verb:set package 'maze_nav2' build argument 'catkin_cmake_args' from command line to 'None'
[0.347s] Level 5:colcon.colcon_core.verb:set package 'maze_nav2' build argument 'catkin_skip_building_tests' from command line to 'False'
[0.347s] DEBUG:colcon.colcon_core.verb:Building package 'maze_nav2' with the following arguments: {'ament_cmake_args': None, 'build_base': '/home/telemaque/maze_ws/build/maze_nav2', 'catkin_cmake_args': None, 'catkin_skip_building_tests': False, 'cmake_args': ['-DROS_DISTRO=jazzy'], 'cmake_clean_cache': False, 'cmake_clean_first': False, 'cmake_force_configure': False, 'cmake_target': None, 'cmake_target_skip_unavailable': False, 'install_base': '/home/telemaque/maze_ws/install/maze_nav2', 'merge_install': False, 'path': '/home/telemaque/maze_ws/src/maze_nav2', 'symlink_install': True, 'test_result_base': None}
[0.348s] Level 5:colcon.colcon_core.verb:set package 'multirobot_map_merge' build argument 'cmake_args' from command line to '['-DROS_DISTRO=jazzy']'
[0.348s] Level 5:colcon.colcon_core.verb:set package 'multirobot_map_merge' build argument 'cmake_target' from command line to 'None'
[0.348s] Level 5:colcon.colcon_core.verb:set package 'multirobot_map_merge' build argument 'cmake_target_skip_unavailable' from command line to 'False'
[0.348s] Level 5:colcon.colcon_core.verb:set package 'multirobot_map_merge' build argument 'cmake_clean_cache' from command line to 'False'
[0.348s] Level 5:colcon.colcon_core.verb:set package 'multirobot_map_merge' build argument 'cmake_clean_first' from command line to 'False'
[0.348s] Level 5:colcon.colcon_core.verb:set package 'multirobot_map_merge' build argument 'cmake_force_configure' from command line to 'False'
[0.348s] Level 5:colcon.colcon_core.verb:set package 'multirobot_map_merge' build argument 'ament_cmake_args' from command line to 'None'
[0.348s] Level 5:colcon.colcon_core.verb:set package 'multirobot_map_merge' build argument 'catkin_cmake_args' from command line to 'None'
[0.348s] Level 5:colcon.colcon_core.verb:set package 'multirobot_map_merge' build argument 'catkin_skip_building_tests' from command line to 'False'
[0.348s] DEBUG:colcon.colcon_core.verb:Building package 'multirobot_map_merge' with the following arguments: {'ament_cmake_args': None, 'build_base': '/home/telemaque/maze_ws/build/multirobot_map_merge', 'catkin_cmake_args': None, 'catkin_skip_building_tests': False, 'cmake_args': ['-DROS_DISTRO=jazzy'], 'cmake_clean_cache': False, 'cmake_clean_first': False, 'cmake_force_configure': False, 'cmake_target': None, 'cmake_target_skip_unavailable': False, 'install_base': '/home/telemaque/maze_ws/install/multirobot_map_merge', 'merge_install': False, 'path': '/home/telemaque/maze_ws/src/m-explore-ros2/map_merge', 'symlink_install': True, 'test_result_base': None}
[0.348s] Level 5:colcon.colcon_core.verb:set package 'px4_msgs' build argument 'cmake_args' from command line to '['-DROS_DISTRO=jazzy']'
[0.348s] Level 5:colcon.colcon_core.verb:set package 'px4_msgs' build argument 'cmake_target' from command line to 'None'
[0.348s] Level 5:colcon.colcon_core.verb:set package 'px4_msgs' build argument 'cmake_target_skip_unavailable' from command line to 'False'
[0.348s] Level 5:colcon.colcon_core.verb:set package 'px4_msgs' build argument 'cmake_clean_cache' from command line to 'False'
[0.348s] Level 5:colcon.colcon_core.verb:set package 'px4_msgs' build argument 'cmake_clean_first' from command line to 'False'
[0.348s] Level 5:colcon.colcon_core.verb:set package 'px4_msgs' build argument 'cmake_force_configure' from command line to 'False'
[0.348s] Level 5:colcon.colcon_core.verb:set package 'px4_msgs' build argument 'ament_cmake_args' from command line to 'None'
[0.348s] Level 5:colcon.colcon_core.verb:set package 'px4_msgs' build argument 'catkin_cmake_args' from command line to 'None'
[0.348s] Level 5:colcon.colcon_core.verb:set package 'px4_msgs' build argument 'catkin_skip_building_tests' from command line to 'False'
[0.348s] DEBUG:colcon.colcon_core.verb:Building package 'px4_msgs' with the following arguments: {'ament_cmake_args': None, 'build_base': '/home/telemaque/maze_ws/build/px4_msgs', 'catkin_cmake_args': None, 'catkin_skip_building_tests': False, 'cmake_args': ['-DROS_DISTRO=jazzy'], 'cmake_clean_cache': False, 'cmake_clean_first': False, 'cmake_force_configure': False, 'cmake_target': None, 'cmake_target_skip_unavailable': False, 'install_base': '/home/telemaque/maze_ws/install/px4_msgs', 'merge_install': False, 'path': '/home/telemaque/maze_ws/src/px4_msgs', 'symlink_install': True, 'test_result_base': None}
[0.349s] Level 5:colcon.colcon_core.verb:set package 'drone_slam' build argument 'cmake_args' from command line to '['-DROS_DISTRO=jazzy']'
[0.349s] Level 5:colcon.colcon_core.verb:set package 'drone_slam' build argument 'cmake_target' from command line to 'None'
[0.349s] Level 5:colcon.colcon_core.verb:set package 'drone_slam' build argument 'cmake_target_skip_unavailable' from command line to 'False'
[0.349s] Level 5:colcon.colcon_core.verb:set package 'drone_slam' build argument 'cmake_clean_cache' from command line to 'False'
[0.349s] Level 5:colcon.colcon_core.verb:set package 'drone_slam' build argument 'cmake_clean_first' from command line to 'False'
[0.349s] Level 5:colcon.colcon_core.verb:set package 'drone_slam' build argument 'cmake_force_configure' from command line to 'False'
[0.349s] Level 5:colcon.colcon_core.verb:set package 'drone_slam' build argument 'ament_cmake_args' from command line to 'None'
[0.349s] Level 5:colcon.colcon_core.verb:set package 'drone_slam' build argument 'catkin_cmake_args' from command line to 'None'
[0.349s] Level 5:colcon.colcon_core.verb:set package 'drone_slam' build argument 'catkin_skip_building_tests' from command line to 'False'
[0.349s] DEBUG:colcon.colcon_core.verb:Building package 'drone_slam' with the following arguments: {'ament_cmake_args': None, 'build_base': '/home/telemaque/maze_ws/build/drone_slam', 'catkin_cmake_args': None, 'catkin_skip_building_tests': False, 'cmake_args': ['-DROS_DISTRO=jazzy'], 'cmake_clean_cache': False, 'cmake_clean_first': False, 'cmake_force_configure': False, 'cmake_target': None, 'cmake_target_skip_unavailable': False, 'install_base': '/home/telemaque/maze_ws/install/drone_slam', 'merge_install': False, 'path': '/home/telemaque/maze_ws/src/PX4-ROS2-SLAM-Control/drone_slam', 'symlink_install': True, 'test_result_base': None}
[0.349s] Level 5:colcon.colcon_core.verb:set package 'drone_slam_cam' build argument 'cmake_args' from command line to '['-DROS_DISTRO=jazzy']'
[0.349s] Level 5:colcon.colcon_core.verb:set package 'drone_slam_cam' build argument 'cmake_target' from command line to 'None'
[0.349s] Level 5:colcon.colcon_core.verb:set package 'drone_slam_cam' build argument 'cmake_target_skip_unavailable' from command line to 'False'
[0.349s] Level 5:colcon.colcon_core.verb:set package 'drone_slam_cam' build argument 'cmake_clean_cache' from command line to 'False'
[0.349s] Level 5:colcon.colcon_core.verb:set package 'drone_slam_cam' build argument 'cmake_clean_first' from command line to 'False'
[0.349s] Level 5:colcon.colcon_core.verb:set package 'drone_slam_cam' build argument 'cmake_force_configure' from command line to 'False'
[0.350s] Level 5:colcon.colcon_core.verb:set package 'drone_slam_cam' build argument 'ament_cmake_args' from command line to 'None'
[0.350s] Level 5:colcon.colcon_core.verb:set package 'drone_slam_cam' build argument 'catkin_cmake_args' from command line to 'None'
[0.350s] Level 5:colcon.colcon_core.verb:set package 'drone_slam_cam' build argument 'catkin_skip_building_tests' from command line to 'False'
[0.350s] DEBUG:colcon.colcon_core.verb:Building package 'drone_slam_cam' with the following arguments: {'ament_cmake_args': None, 'build_base': '/home/telemaque/maze_ws/build/drone_slam_cam', 'catkin_cmake_args': None, 'catkin_skip_building_tests': False, 'cmake_args': ['-DROS_DISTRO=jazzy'], 'cmake_clean_cache': False, 'cmake_clean_first': False, 'cmake_force_configure': False, 'cmake_target': None, 'cmake_target_skip_unavailable': False, 'install_base': '/home/telemaque/maze_ws/install/drone_slam_cam', 'merge_install': False, 'path': '/home/telemaque/maze_ws/src/PX4-ROS2-SLAM-Control/drone_slam_cam', 'symlink_install': True, 'test_result_base': None}
[0.350s] Level 5:colcon.colcon_core.verb:set package 'maze_mission' build argument 'cmake_args' from command line to '['-DROS_DISTRO=jazzy']'
[0.350s] Level 5:colcon.colcon_core.verb:set package 'maze_mission' build argument 'cmake_target' from command line to 'None'
[0.350s] Level 5:colcon.colcon_core.verb:set package 'maze_mission' build argument 'cmake_target_skip_unavailable' from command line to 'False'
[0.350s] Level 5:colcon.colcon_core.verb:set package 'maze_mission' build argument 'cmake_clean_cache' from command line to 'False'
[0.350s] Level 5:colcon.colcon_core.verb:set package 'maze_mission' build argument 'cmake_clean_first' from command line to 'False'
[0.350s] Level 5:colcon.colcon_core.verb:set package 'maze_mission' build argument 'cmake_force_configure' from command line to 'False'
[0.350s] Level 5:colcon.colcon_core.verb:set package 'maze_mission' build argument 'ament_cmake_args' from command line to 'None'
[0.350s] Level 5:colcon.colcon_core.verb:set package 'maze_mission' build argument 'catkin_cmake_args' from command line to 'None'
[0.350s] Level 5:colcon.colcon_core.verb:set package 'maze_mission' build argument 'catkin_skip_building_tests' from command line to 'False'
[0.350s] DEBUG:colcon.colcon_core.verb:Building package 'maze_mission' with the following arguments: {'ament_cmake_args': None, 'build_base': '/home/telemaque/maze_ws/build/maze_mission', 'catkin_cmake_args': None, 'catkin_skip_building_tests': False, 'cmake_args': ['-DROS_DISTRO=jazzy'], 'cmake_clean_cache': False, 'cmake_clean_first': False, 'cmake_force_configure': False, 'cmake_target': None, 'cmake_target_skip_unavailable': False, 'install_base': '/home/telemaque/maze_ws/install/maze_mission', 'merge_install': False, 'path': '/home/telemaque/maze_ws/src/maze_mission', 'symlink_install': True, 'test_result_base': None}
[0.351s] Level 5:colcon.colcon_core.verb:set package 'px4_rl_project' build argument 'cmake_args' from command line to '['-DROS_DISTRO=jazzy']'
[0.351s] Level 5:colcon.colcon_core.verb:set package 'px4_rl_project' build argument 'cmake_target' from command line to 'None'
[0.351s] Level 5:colcon.colcon_core.verb:set package 'px4_rl_project' build argument 'cmake_target_skip_unavailable' from command line to 'False'
[0.351s] Level 5:colcon.colcon_core.verb:set package 'px4_rl_project' build argument 'cmake_clean_cache' from command line to 'False'
[0.351s] Level 5:colcon.colcon_core.verb:set package 'px4_rl_project' build argument 'cmake_clean_first' from command line to 'False'
[0.351s] Level 5:colcon.colcon_core.verb:set package 'px4_rl_project' build argument 'cmake_force_configure' from command line to 'False'
[0.351s] Level 5:colcon.colcon_core.verb:set package 'px4_rl_project' build argument 'ament_cmake_args' from command line to 'None'
[0.351s] Level 5:colcon.colcon_core.verb:set package 'px4_rl_project' build argument 'catkin_cmake_args' from command line to 'None'
[0.351s] Level 5:colcon.colcon_core.verb:set package 'px4_rl_project' build argument 'catkin_skip_building_tests' from command line to 'False'
[0.351s] DEBUG:colcon.colcon_core.verb:Building package 'px4_rl_project' with the following arguments: {'ament_cmake_args': None, 'build_base': '/home/telemaque/maze_ws/build/px4_rl_project', 'catkin_cmake_args': None, 'catkin_skip_building_tests': False, 'cmake_args': ['-DROS_DISTRO=jazzy'], 'cmake_clean_cache': False, 'cmake_clean_first': False, 'cmake_force_configure': False, 'cmake_target': None, 'cmake_target_skip_unavailable': False, 'install_base': '/home/telemaque/maze_ws/install/px4_rl_project', 'merge_install': False, 'path': '/home/telemaque/maze_ws/src/PX4-ROS2-SLAM-Control/px4_rl_project', 'symlink_install': True, 'test_result_base': None}
[0.351s] INFO:colcon.colcon_core.executor:Executing jobs using 'parallel' executor
[0.352s] DEBUG:colcon.colcon_parallel_executor.executor.parallel:run_until_complete
[0.353s] INFO:colcon.colcon_ros.task.ament_cmake.build:Building ROS package in '/home/telemaque/maze_ws/src/px4_msgs' with build type 'ament_cmake'
[0.353s] INFO:colcon.colcon_cmake.task.cmake.build:Building CMake package in '/home/telemaque/maze_ws/src/px4_msgs'
[0.356s] INFO:colcon.colcon_core.plugin_system:Skipping extension 'colcon_core.shell.bat': Not used on non-Windows systems
[0.357s] INFO:colcon.colcon_core.shell:Skip shell extension 'powershell' for command environment: Not usable outside of PowerShell
[0.357s] DEBUG:colcon.colcon_core.shell:Skip shell extension 'dsv' for command environment
[0.360s] INFO:colcon.colcon_ros.task.ament_cmake.build:Building ROS package in '/home/telemaque/maze_ws/src/maze_msgs' with build type 'ament_cmake'
[0.360s] INFO:colcon.colcon_cmake.task.cmake.build:Building CMake package in '/home/telemaque/maze_ws/src/maze_msgs'
[0.360s] INFO:colcon.colcon_core.shell:Skip shell extension 'powershell' for command environment: Not usable outside of PowerShell
[0.361s] DEBUG:colcon.colcon_core.shell:Skip shell extension 'dsv' for command environment
[0.363s] INFO:colcon.colcon_ros.task.ament_cmake.build:Building ROS package in '/home/telemaque/maze_ws/src/m-explore-ros2/explore' with build type 'ament_cmake'
[0.363s] INFO:colcon.colcon_cmake.task.cmake.build:Building CMake package in '/home/telemaque/maze_ws/src/m-explore-ros2/explore'
[0.363s] INFO:colcon.colcon_core.shell:Skip shell extension 'powershell' for command environment: Not usable outside of PowerShell
[0.363s] DEBUG:colcon.colcon_core.shell:Skip shell extension 'dsv' for command environment
[0.366s] INFO:colcon.colcon_ros.task.ament_cmake.build:Building ROS package in '/home/telemaque/maze_ws/src/maze_gazebo' with build type 'ament_cmake'
[0.366s] INFO:colcon.colcon_cmake.task.cmake.build:Building CMake package in '/home/telemaque/maze_ws/src/maze_gazebo'
[0.367s] INFO:colcon.colcon_core.shell:Skip shell extension 'powershell' for command environment: Not usable outside of PowerShell
[0.367s] DEBUG:colcon.colcon_core.shell:Skip shell extension 'dsv' for command environment
[0.369s] INFO:colcon.colcon_ros.task.ament_cmake.build:Building ROS package in '/home/telemaque/maze_ws/src/maze_nav2' with build type 'ament_cmake'
[0.369s] INFO:colcon.colcon_cmake.task.cmake.build:Building CMake package in '/home/telemaque/maze_ws/src/maze_nav2'
[0.370s] INFO:colcon.colcon_core.shell:Skip shell extension 'powershell' for command environment: Not usable outside of PowerShell
[0.370s] DEBUG:colcon.colcon_core.shell:Skip shell extension 'dsv' for command environment
[0.372s] INFO:colcon.colcon_ros.task.ament_cmake.build:Building ROS package in '/home/telemaque/maze_ws/src/m-explore-ros2/map_merge' with build type 'ament_cmake'
[0.373s] INFO:colcon.colcon_cmake.task.cmake.build:Building CMake package in '/home/telemaque/maze_ws/src/m-explore-ros2/map_merge'
[0.373s] INFO:colcon.colcon_core.shell:Skip shell extension 'powershell' for command environment: Not usable outside of PowerShell
[0.373s] DEBUG:colcon.colcon_core.shell:Skip shell extension 'dsv' for command environment
[0.382s] DEBUG:colcon.colcon_core.event_handler.log_command:Invoking command in '/home/telemaque/maze_ws/build/px4_msgs': /usr/bin/cmake /home/telemaque/maze_ws/src/px4_msgs -DROS_DISTRO=jazzy -DAMENT_CMAKE_SYMLINK_INSTALL=1 -DCMAKE_INSTALL_PREFIX=/home/telemaque/maze_ws/install/px4_msgs
[0.397s] DEBUG:colcon.colcon_core.event_handler.log_command:Invoking command in '/home/telemaque/maze_ws/build/maze_msgs': /usr/bin/cmake /home/telemaque/maze_ws/src/maze_msgs -DROS_DISTRO=jazzy -DAMENT_CMAKE_SYMLINK_INSTALL=1 -DCMAKE_INSTALL_PREFIX=/home/telemaque/maze_ws/install/maze_msgs
[0.402s] DEBUG:colcon.colcon_core.event_handler.log_command:Invoking command in '/home/telemaque/maze_ws/build/explore_lite': /usr/bin/cmake /home/telemaque/maze_ws/src/m-explore-ros2/explore -DROS_DISTRO=jazzy -DAMENT_CMAKE_SYMLINK_INSTALL=1 -DCMAKE_INSTALL_PREFIX=/home/telemaque/maze_ws/install/explore_lite
[0.408s] DEBUG:colcon.colcon_core.event_handler.log_command:Invoking command in '/home/telemaque/maze_ws/build/maze_gazebo': /usr/bin/cmake /home/telemaque/maze_ws/src/maze_gazebo -DROS_DISTRO=jazzy -DAMENT_CMAKE_SYMLINK_INSTALL=1 -DCMAKE_INSTALL_PREFIX=/home/telemaque/maze_ws/install/maze_gazebo
[0.415s] DEBUG:colcon.colcon_core.event_handler.log_command:Invoking command in '/home/telemaque/maze_ws/build/maze_nav2': /usr/bin/cmake /home/telemaque/maze_ws/src/maze_nav2 -DROS_DISTRO=jazzy -DAMENT_CMAKE_SYMLINK_INSTALL=1 -DCMAKE_INSTALL_PREFIX=/home/telemaque/maze_ws/install/maze_nav2
[0.428s] DEBUG:colcon.colcon_core.event_handler.log_command:Invoking command in '/home/telemaque/maze_ws/build/multirobot_map_merge': /usr/bin/cmake /home/telemaque/maze_ws/src/m-explore-ros2/map_merge -DROS_DISTRO=jazzy -DAMENT_CMAKE_SYMLINK_INSTALL=1 -DCMAKE_INSTALL_PREFIX=/home/telemaque/maze_ws/install/multirobot_map_merge
[0.446s] DEBUG:colcon.colcon_core.event_handler.log_command:Invoked command in '/home/telemaque/maze_ws/build/px4_msgs' returned '1': /usr/bin/cmake /home/telemaque/maze_ws/src/px4_msgs -DROS_DISTRO=jazzy -DAMENT_CMAKE_SYMLINK_INSTALL=1 -DCMAKE_INSTALL_PREFIX=/home/telemaque/maze_ws/install/px4_msgs
[0.447s] DEBUG:colcon.colcon_core.event_handler.log_command:Invoked command in '/home/telemaque/maze_ws/build/explore_lite' returned '1': /usr/bin/cmake /home/telemaque/maze_ws/src/m-explore-ros2/explore -DROS_DISTRO=jazzy -DAMENT_CMAKE_SYMLINK_INSTALL=1 -DCMAKE_INSTALL_PREFIX=/home/telemaque/maze_ws/install/explore_lite
[0.466s] Level 1:colcon.colcon_core.environment:create_environment_scripts_only(px4_msgs)
[0.479s] Level 1:colcon.colcon_core.environment:checking '/home/telemaque/maze_ws/install/px4_msgs' for CMake module files
[0.480s] Level 1:colcon.colcon_core.environment:checking '/home/telemaque/maze_ws/install/px4_msgs' for CMake config files
[0.481s] Level 1:colcon.colcon_core.environment:checking '/home/telemaque/maze_ws/install/px4_msgs/bin'
[0.481s] Level 1:colcon.colcon_core.environment:checking '/home/telemaque/maze_ws/install/px4_msgs/lib/pkgconfig/px4_msgs.pc'
[0.484s] Level 1:colcon.colcon_core.environment:checking '/home/telemaque/maze_ws/install/px4_msgs/lib/python3.10/site-packages'
[0.485s] Level 1:colcon.colcon_core.environment:checking '/home/telemaque/maze_ws/install/px4_msgs/bin'
[0.485s] INFO:colcon.colcon_core.shell:Creating package script '/home/telemaque/maze_ws/install/px4_msgs/share/px4_msgs/package.ps1'
[0.487s] INFO:colcon.colcon_core.shell:Creating package descriptor '/home/telemaque/maze_ws/install/px4_msgs/share/px4_msgs/package.dsv'
[0.489s] INFO:colcon.colcon_core.shell:Creating package script '/home/telemaque/maze_ws/install/px4_msgs/share/px4_msgs/package.sh'
[0.491s] INFO:colcon.colcon_core.shell:Creating package script '/home/telemaque/maze_ws/install/px4_msgs/share/px4_msgs/package.bash'
[0.492s] INFO:colcon.colcon_core.shell:Creating package script '/home/telemaque/maze_ws/install/px4_msgs/share/px4_msgs/package.zsh'
[0.494s] Level 1:colcon.colcon_core.environment:create_file_with_runtime_dependencies(/home/telemaque/maze_ws/install/px4_msgs/share/colcon-core/packages/px4_msgs)
[0.506s] DEBUG:colcon.colcon_core.event_handler.log_command:Invoked command in '/home/telemaque/maze_ws/build/maze_msgs' returned '1': /usr/bin/cmake /home/telemaque/maze_ws/src/maze_msgs -DROS_DISTRO=jazzy -DAMENT_CMAKE_SYMLINK_INSTALL=1 -DCMAKE_INSTALL_PREFIX=/home/telemaque/maze_ws/install/maze_msgs
[0.512s] DEBUG:colcon.colcon_parallel_executor.executor.parallel:closing loop
[0.512s] DEBUG:colcon.colcon_parallel_executor.executor.parallel:loop closed
[0.512s] DEBUG:colcon.colcon_parallel_executor.executor.parallel:run_until_complete finished with '1'
[0.512s] DEBUG:colcon.colcon_core.event_reactor:joining thread
[0.523s] INFO:colcon.colcon_core.plugin_system:Skipping extension 'colcon_notification.desktop_notification.terminal_notifier': Not used on non-Darwin systems
[0.523s] INFO:colcon.colcon_core.plugin_system:Skipping extension 'colcon_notification.desktop_notification.win32': Not used on non-Windows systems
[0.523s] INFO:colcon.colcon_notification.desktop_notification:Sending desktop notification using 'notify2'
[0.540s] DEBUG:colcon.colcon_core.event_reactor:joined thread
[0.540s] INFO:colcon.colcon_core.shell:Creating prefix script '/home/telemaque/maze_ws/install/local_setup.ps1'
[0.542s] INFO:colcon.colcon_core.shell:Creating prefix util module '/home/telemaque/maze_ws/install/_local_setup_util_ps1.py'
[0.545s] INFO:colcon.colcon_core.shell:Creating prefix chain script '/home/telemaque/maze_ws/install/setup.ps1'
[0.547s] INFO:colcon.colcon_core.shell:Creating prefix script '/home/telemaque/maze_ws/install/local_setup.sh'
[0.548s] INFO:colcon.colcon_core.shell:Creating prefix util module '/home/telemaque/maze_ws/install/_local_setup_util_sh.py'
[0.550s] INFO:colcon.colcon_core.shell:Creating prefix chain script '/home/telemaque/maze_ws/install/setup.sh'
[0.552s] INFO:colcon.colcon_core.shell:Creating prefix script '/home/telemaque/maze_ws/install/local_setup.bash'
[0.553s] INFO:colcon.colcon_core.shell:Creating prefix chain script '/home/telemaque/maze_ws/install/setup.bash'
[0.554s] INFO:colcon.colcon_core.shell:Creating prefix script '/home/telemaque/maze_ws/install/local_setup.zsh'
[0.555s] INFO:colcon.colcon_core.shell:Creating prefix chain script '/home/telemaque/maze_ws/install/setup.zsh'
