[0.019s] Invoking command in '/home/telemaque/maze_ws/build/maze_msgs': /usr/bin/cmake /home/telemaque/maze_ws/src/maze_msgs -DAMENT_CMAKE_SYMLINK_INSTALL=1 -DCMAKE_INSTALL_PREFIX=/home/telemaque/maze_ws/install/maze_msgs
[0.068s] CMake Error at CMakeLists.txt:8 (find_package):
[0.069s]   By not providing "Findament_cmake.cmake" in CMAKE_MODULE_PATH this project
[0.069s]   has asked CMake to find a package configuration file provided by
[0.069s]   "ament_cmake", but CMake did not find one.
[0.069s] 
[0.069s]   Could not find a package configuration file provided by "ament_cmake" with
[0.069s]   any of the following names:
[0.070s] 
[0.070s]     ament_cmakeConfig.cmake
[0.070s]     ament_cmake-config.cmake
[0.070s] 
[0.070s]   Add the installation prefix of "ament_cmake" to CMAKE_PREFIX_PATH or set
[0.070s]   "ament_cmake_DIR" to a directory containing one of the above files.  If
[0.070s]   "ament_cmake" provides a separate development package or SDK, be sure it
[0.070s]   has been installed.
[0.070s] 
[0.070s] 
[0.071s] -- Configuring incomplete, errors occurred!
[0.071s] See also "/home/telemaque/maze_ws/build/maze_msgs/CMakeFiles/CMakeOutput.log".
[0.072s] Invoked command in '/home/telemaque/maze_ws/build/maze_msgs' returned '1': /usr/bin/cmake /home/telemaque/maze_ws/src/maze_msgs -DAMENT_CMAKE_SYMLINK_INSTALL=1 -DCMAKE_INSTALL_PREFIX=/home/telemaque/maze_ws/install/maze_msgs
