[0.028s] Invoking command in '/home/telemaque/maze_ws/build/px4_msgs': /usr/bin/cmake /home/telemaque/maze_ws/src/px4_msgs -DROS_DISTRO=jazzy -DAMENT_CMAKE_SYMLINK_INSTALL=1 -DCMAKE_INSTALL_PREFIX=/home/telemaque/maze_ws/install/px4_msgs
[0.074s] -- Configuring incomplete, errors occurred!
[0.075s] See also "/home/telemaque/maze_ws/build/px4_msgs/CMakeFiles/CMakeOutput.log".
[0.075s] [31mCMake Error at CMakeLists.txt:11 (find_package):
[0.076s]   By not providing "Findament_cmake.cmake" in CMAKE_MODULE_PATH this project
[0.077s]   has asked CMake to find a package configuration file provided by
[0.079s]   "ament_cmake", but CMake did not find one.
[0.080s] 
[0.082s]   Could not find a package configuration file provided by "ament_cmake" with
[0.083s]   any of the following names:
[0.084s] 
[0.085s]     ament_cmakeConfig.cmake
[0.085s]     ament_cmake-config.cmake
[0.085s] 
[0.085s]   Add the installation prefix of "ament_cmake" to CMAKE_PREFIX_PATH or set
[0.086s]   "ament_cmake_DIR" to a directory containing one of the above files.  If
[0.087s]   "ament_cmake" provides a separate development package or SDK, be sure it
[0.089s]   has been installed.
[0.090s] 
[0.090s] [0m
[0.092s] Invoked command in '/home/telemaque/maze_ws/build/px4_msgs' returned '1': /usr/bin/cmake /home/telemaque/maze_ws/src/px4_msgs -DROS_DISTRO=jazzy -DAMENT_CMAKE_SYMLINK_INSTALL=1 -DCMAKE_INSTALL_PREFIX=/home/telemaque/maze_ws/install/px4_msgs
