[0.022s] Invoking command in '/home/telemaque/maze_ws/build/maze_msgs': /usr/bin/cmake /home/telemaque/maze_ws/src/maze_msgs -DAMENT_CMAKE_SYMLINK_INSTALL=1 -DCMAKE_INSTALL_PREFIX=/home/telemaque/maze_ws/install/maze_msgs
[0.235s] -- The C compiler identification is GNU 11.4.0
[0.437s] -- The CXX compiler identification is GNU 11.4.0
[0.459s] -- Detecting C compiler ABI info
[0.675s] -- Detecting C compiler ABI info - done
[0.702s] -- Check for working C compiler: /usr/bin/cc - skipped
[0.703s] -- Detecting C compile features
[0.705s] -- Detecting C compile features - done
[0.715s] -- Detecting CXX compiler ABI info
[0.965s] -- Detecting CXX compiler ABI info - done
[1.000s] -- Check for working CXX compiler: /usr/bin/c++ - skipped
[1.001s] -- Detecting CXX compile features
[1.002s] -- Detecting CXX compile features - done
[1.068s] CMake Error at CMakeLists.txt:8 (find_package):
[1.068s]   By not providing "Findament_cmake.cmake" in CMAKE_MODULE_PATH this project
[1.068s]   has asked CMake to find a package configuration file provided by
[1.068s]   "ament_cmake", but CMake did not find one.
[1.068s] 
[1.069s]   Could not find a package configuration file provided by "ament_cmake" with
[1.069s]   any of the following names:
[1.069s] 
[1.069s]     ament_cmakeConfig.cmake
[1.069s]     ament_cmake-config.cmake
[1.069s] 
[1.069s]   Add the installation prefix of "ament_cmake" to CMAKE_PREFIX_PATH or set
[1.069s]   "ament_cmake_DIR" to a directory containing one of the above files.  If
[1.070s]   "ament_cmake" provides a separate development package or SDK, be sure it
[1.070s]   has been installed.
[1.070s] 
[1.070s] 
[1.070s] -- Configuring incomplete, errors occurred!
[1.070s] See also "/home/telemaque/maze_ws/build/maze_msgs/CMakeFiles/CMakeOutput.log".
