[0.027s] Invoking command in '/home/telemaque/maze_ws/build/px4_msgs': /usr/bin/cmake /home/telemaque/maze_ws/src/px4_msgs -DAMENT_CMAKE_SYMLINK_INSTALL=1 -DCMAKE_INSTALL_PREFIX=/home/telemaque/maze_ws/install/px4_msgs
[0.227s] -- The C compiler identification is GNU 11.4.0
[0.434s] -- The CXX compiler identification is GNU 11.4.0
[0.455s] -- Detecting C compiler ABI info
[0.685s] -- Detecting C compiler ABI info - done
[0.712s] -- Check for working C compiler: /usr/bin/cc - skipped
[0.713s] -- Detecting C compile features
[0.714s] -- Detecting C compile features - done
[0.725s] -- Detecting CXX compiler ABI info
[0.950s] -- Detecting CXX compiler ABI info - done
[0.978s] -- Check for working CXX compiler: /usr/bin/c++ - skipped
[0.979s] -- Detecting CXX compile features
[0.981s] -- Detecting CXX compile features - done
[1.019s] CMake Error at CMakeLists.txt:11 (find_package):
[1.020s]   By not providing "Findament_cmake.cmake" in CMAKE_MODULE_PATH this project
[1.020s]   has asked CMake to find a package configuration file provided by
[1.021s]   "ament_cmake", but CMake did not find one.
[1.021s] 
[1.021s]   Could not find a package configuration file provided by "ament_cmake" with
[1.021s]   any of the following names:
[1.022s] 
[1.022s]     ament_cmakeConfig.cmake
[1.022s]     ament_cmake-config.cmake
[1.022s] 
[1.022s]   Add the installation prefix of "ament_cmake" to CMAKE_PREFIX_PATH or set
[1.023s]   "ament_cmake_DIR" to a directory containing one of the above files.  If
[1.023s]   "ament_cmake" provides a separate development package or SDK, be sure it
[1.023s]   has been installed.
[1.023s] 
[1.024s] 
[1.024s] -- Configuring incomplete, errors occurred!
[1.024s] See also "/home/telemaque/maze_ws/build/px4_msgs/CMakeFiles/CMakeOutput.log".
[1.033s] Invoked command in '/home/telemaque/maze_ws/build/px4_msgs' returned '1': /usr/bin/cmake /home/telemaque/maze_ws/src/px4_msgs -DAMENT_CMAKE_SYMLINK_INSTALL=1 -DCMAKE_INSTALL_PREFIX=/home/telemaque/maze_ws/install/px4_msgs
