[0.031s] Invoking command in '/home/telemaque/maze_ws/build/multirobot_map_merge': /usr/bin/cmake /home/telemaque/maze_ws/src/m-explore-ros2/map_merge -DAMENT_CMAKE_SYMLINK_INSTALL=1 -DCMAKE_INSTALL_PREFIX=/home/telemaque/maze_ws/install/multirobot_map_merge
[0.101s] CMake Error at CMakeLists.txt:19 (find_package):
[0.101s]   By not providing "Findament_cmake.cmake" in CMAKE_MODULE_PATH this project
[0.102s]   has asked CMake to find a package configuration file provided by
[0.102s]   "ament_cmake", but CMake did not find one.
[0.102s] 
[0.102s]   Could not find a package configuration file provided by "ament_cmake" with
[0.102s]   any of the following names:
[0.102s] 
[0.102s]     ament_cmakeConfig.cmake
[0.102s]     ament_cmake-config.cmake
[0.102s] 
[0.102s]   Add the installation prefix of "ament_cmake" to CMAKE_PREFIX_PATH or set
[0.102s]   "ament_cmake_DIR" to a directory containing one of the above files.  If
[0.102s]   "ament_cmake" provides a separate development package or SDK, be sure it
[0.102s]   has been installed.
[0.103s] 
[0.103s] 
[0.103s] -- Configuring incomplete, errors occurred!
[0.103s] See also "/home/telemaque/maze_ws/build/multirobot_map_merge/CMakeFiles/CMakeOutput.log".
