[0.025s] Invoking command in '/home/telemaque/maze_ws/build/maze_gazebo': /usr/bin/cmake /home/telemaque/maze_ws/src/maze_gazebo -DAMENT_CMAKE_SYMLINK_INSTALL=1 -DCMAKE_INSTALL_PREFIX=/home/telemaque/maze_ws/install/maze_gazebo
[0.230s] -- The C compiler identification is GNU 11.4.0
[0.431s] -- The CXX compiler identification is GNU 11.4.0
[0.455s] -- Detecting C compiler ABI info
[0.639s] -- Detecting C compiler ABI info - done
[0.663s] -- Check for working C compiler: /usr/bin/cc - skipped
[0.666s] -- Detecting C compile features
[0.668s] -- Detecting C compile features - done
[0.678s] -- Detecting CXX compiler ABI info
[0.918s] -- Detecting CXX compiler ABI info - done
[0.944s] -- Check for working CXX compiler: /usr/bin/c++ - skipped
[0.944s] -- Detecting CXX compile features
[0.947s] -- Detecting CXX compile features - done
[0.983s] CMake Error at CMakeLists.txt:4 (find_package):
[0.985s]   By not providing "Findament_cmake.cmake" in CMAKE_MODULE_PATH this project
[0.985s]   has asked CMake to find a package configuration file provided by
[0.985s]   "ament_cmake", but CMake did not find one.
[0.986s] 
[0.986s]   Could not find a package configuration file provided by "ament_cmake" with
[0.986s]   any of the following names:
[0.986s] 
[0.986s]     ament_cmakeConfig.cmake
[0.986s]     ament_cmake-config.cmake
[0.987s] 
[0.987s]   Add the installation prefix of "ament_cmake" to CMAKE_PREFIX_PATH or set
[0.987s]   "ament_cmake_DIR" to a directory containing one of the above files.  If
[0.987s]   "ament_cmake" provides a separate development package or SDK, be sure it
[0.987s]   has been installed.
[0.988s] 
[0.988s] 
[0.988s] -- Configuring incomplete, errors occurred!
[0.988s] See also "/home/telemaque/maze_ws/build/maze_gazebo/CMakeFiles/CMakeOutput.log".
[0.999s] Invoked command in '/home/telemaque/maze_ws/build/maze_gazebo' returned '1': /usr/bin/cmake /home/telemaque/maze_ws/src/maze_gazebo -DAMENT_CMAKE_SYMLINK_INSTALL=1 -DCMAKE_INSTALL_PREFIX=/home/telemaque/maze_ws/install/maze_gazebo
