[0.025s] Invoking command in '/home/telemaque/maze_ws/build/maze_msgs': /usr/bin/cmake /home/telemaque/maze_ws/src/maze_msgs -DAMENT_CMAKE_SYMLINK_INSTALL=1 -DCMAKE_INSTALL_PREFIX=/home/telemaque/maze_ws/install/maze_msgs
[0.102s] [31mCMake Error at CMakeLists.txt:8 (find_package):
[0.102s]   By not providing "Findament_cmake.cmake" in CMAKE_MODULE_PATH this project
[0.102s]   has asked CMake to find a package configuration file provided by
[0.102s]   "ament_cmake", but CMake did not find one.
[0.102s] 
[0.102s]   Could not find a package configuration file provided by "ament_cmake" with
[0.102s]   any of the following names:
[0.103s] 
[0.103s]     ament_cmakeConfig.cmake
[0.103s]     ament_cmake-config.cmake
[0.103s] 
[0.103s]   Add the installation prefix of "ament_cmake" to CMAKE_PREFIX_PATH or set
[0.103s]   "ament_cmake_DIR" to a directory containing one of the above files.  If
[0.103s]   "ament_cmake" provides a separate development package or SDK, be sure it
[0.103s]   has been installed.
[0.103s] 
[0.103s] [0m
[0.104s] -- Configuring incomplete, errors occurred!
[0.104s] See also "/home/telemaque/maze_ws/build/maze_msgs/CMakeFiles/CMakeOutput.log".
[0.112s] Invoked command in '/home/telemaque/maze_ws/build/maze_msgs' returned '1': /usr/bin/cmake /home/telemaque/maze_ws/src/maze_msgs -DAMENT_CMAKE_SYMLINK_INSTALL=1 -DCMAKE_INSTALL_PREFIX=/home/telemaque/maze_ws/install/maze_msgs
