[0.046s] Invoking command in '/home/telemaque/maze_ws/build/maze_nav2': /usr/bin/cmake /home/telemaque/maze_ws/src/maze_nav2 -DROS_DISTRO=jazzy -DAMENT_CMAKE_SYMLINK_INSTALL=1 -DCMAKE_INSTALL_PREFIX=/home/telemaque/maze_ws/install/maze_nav2
[0.121s] [31mCMake Error at CMakeLists.txt:4 (find_package):
[0.122s]   By not providing "Findament_cmake.cmake" in CMAKE_MODULE_PATH this project
[0.123s]   has asked CMake to find a package configuration file provided by
[0.124s]   "ament_cmake", but CMake did not find one.
[0.124s] 
[0.125s]   Could not find a package configuration file provided by "ament_cmake" with
[0.125s]   any of the following names:
[0.126s] 
[0.126s]     ament_cmakeConfig.cmake
[0.127s]     ament_cmake-config.cmake
[0.129s] 
[0.129s]   Add the installation prefix of "ament_cmake" to CMAKE_PREFIX_PATH or set
[0.129s]   "ament_cmake_DIR" to a directory containing one of the above files.  If
[0.129s]   "ament_cmake" provides a separate development package or SDK, be sure it
[0.129s]   has been installed.
[0.130s] 
[0.130s] [0m
[0.130s] -- Configuring incomplete, errors occurred!
[0.130s] See also "/home/telemaque/maze_ws/build/maze_nav2/CMakeFiles/CMakeOutput.log".
