[0.034s] Invoking command in '/home/telemaque/maze_ws/build/multirobot_map_merge': /usr/bin/cmake /home/telemaque/maze_ws/src/m-explore-ros2/map_merge -DAMENT_CMAKE_SYMLINK_INSTALL=1 -DCMAKE_INSTALL_PREFIX=/home/telemaque/maze_ws/install/multirobot_map_merge
[0.208s] -- The C compiler identification is GNU 11.4.0
[0.406s] -- The CXX compiler identification is GNU 11.4.0
[0.437s] -- Detecting C compiler ABI info
[0.656s] -- Detecting C compiler ABI info - done
[0.684s] -- Check for working C compiler: /usr/bin/cc - skipped
[0.684s] -- Detecting C compile features
[0.686s] -- Detecting C compile features - done
[0.695s] -- Detecting CXX compiler ABI info
[0.936s] -- Detecting CXX compiler ABI info - done
[0.964s] -- Check for working CXX compiler: /usr/bin/c++ - skipped
[0.964s] -- Detecting CXX compile features
[0.966s] -- Detecting CXX compile features - done
[1.007s] CMake Error at CMakeLists.txt:19 (find_package):
[1.007s]   By not providing "Findament_cmake.cmake" in CMAKE_MODULE_PATH this project
[1.008s]   has asked CMake to find a package configuration file provided by
[1.008s]   "ament_cmake", but CMake did not find one.
[1.008s] 
[1.008s]   Could not find a package configuration file provided by "ament_cmake" with
[1.009s]   any of the following names:
[1.009s] 
[1.009s]     ament_cmakeConfig.cmake
[1.010s]     ament_cmake-config.cmake
[1.010s] 
[1.010s]   Add the installation prefix of "ament_cmake" to CMAKE_PREFIX_PATH or set
[1.010s]   "ament_cmake_DIR" to a directory containing one of the above files.  If
[1.012s]   "ament_cmake" provides a separate development package or SDK, be sure it
[1.014s]   has been installed.
[1.014s] 
[1.015s] 
[1.015s] -- Configuring incomplete, errors occurred!
[1.015s] See also "/home/telemaque/maze_ws/build/multirobot_map_merge/CMakeFiles/CMakeOutput.log".
[1.021s] Invoked command in '/home/telemaque/maze_ws/build/multirobot_map_merge' returned '1': /usr/bin/cmake /home/telemaque/maze_ws/src/m-explore-ros2/map_merge -DAMENT_CMAKE_SYMLINK_INSTALL=1 -DCMAKE_INSTALL_PREFIX=/home/telemaque/maze_ws/install/multirobot_map_merge
