[0.028s] Invoking command in '/home/telemaque/maze_ws/build/maze_nav2': /usr/bin/cmake /home/telemaque/maze_ws/src/maze_nav2 -DAMENT_CMAKE_SYMLINK_INSTALL=1 -DCMAKE_INSTALL_PREFIX=/home/telemaque/maze_ws/install/maze_nav2
[0.216s] -- The C compiler identification is GNU 11.4.0
[0.438s] -- The CXX compiler identification is GNU 11.4.0
[0.462s] -- Detecting C compiler ABI info
[0.685s] -- Detecting C compiler ABI info - done
[0.711s] -- Check for working C compiler: /usr/bin/cc - skipped
[0.712s] -- Detecting C compile features
[0.713s] -- Detecting C compile features - done
[0.724s] -- Detecting CXX compiler ABI info
[0.957s] -- Detecting CXX compiler ABI info - done
[0.996s] -- Check for working CXX compiler: /usr/bin/c++ - skipped
[0.996s] -- Detecting CXX compile features
[0.996s] -- Detecting CXX compile features - done
[1.058s] CMake Error at CMakeLists.txt:4 (find_package):
[1.058s]   By not providing "Findament_cmake.cmake" in CMAKE_MODULE_PATH this project
[1.058s]   has asked CMake to find a package configuration file provided by
[1.058s]   "ament_cmake", but CMake did not find one.
[1.058s] 
[1.059s]   Could not find a package configuration file provided by "ament_cmake" with
[1.059s]   any of the following names:
[1.059s] 
[1.059s]     ament_cmakeConfig.cmake
[1.059s]     ament_cmake-config.cmake
[1.059s] 
[1.059s]   Add the installation prefix of "ament_cmake" to CMAKE_PREFIX_PATH or set
[1.060s]   "ament_cmake_DIR" to a directory containing one of the above files.  If
[1.060s]   "ament_cmake" provides a separate development package or SDK, be sure it
[1.060s]   has been installed.
[1.060s] 
[1.060s] 
[1.062s] -- Configuring incomplete, errors occurred!
[1.062s] See also "/home/telemaque/maze_ws/build/maze_nav2/CMakeFiles/CMakeOutput.log".
