[0.021s] Invoking command in '/home/telemaque/maze_ws/build/px4_msgs': /usr/bin/cmake /home/telemaque/maze_ws/src/px4_msgs -DAMENT_CMAKE_SYMLINK_INSTALL=1 -DCMAKE_INSTALL_PREFIX=/home/telemaque/maze_ws/install/px4_msgs
[0.063s] CMake Error at CMakeLists.txt:11 (find_package):
[0.063s]   By not providing "Findament_cmake.cmake" in CMAKE_MODULE_PATH this project
[0.063s]   has asked CMake to find a package configuration file provided by
[0.063s]   "ament_cmake", but CMake did not find one.
[0.064s] 
[0.064s]   Could not find a package configuration file provided by "ament_cmake" with
[0.064s]   any of the following names:
[0.065s] 
[0.066s]     ament_cmakeConfig.cmake
[0.066s]     ament_cmake-config.cmake
[0.067s] 
[0.068s]   Add the installation prefix of "ament_cmake" to CMAKE_PREFIX_PATH or set
[0.068s]   "ament_cmake_DIR" to a directory containing one of the above files.  If
[0.068s]   "ament_cmake" provides a separate development package or SDK, be sure it
[0.068s]   has been installed.
[0.069s] 
[0.071s] 
[0.072s] -- Configuring incomplete, errors occurred!
[0.073s] See also "/home/telemaque/maze_ws/build/px4_msgs/CMakeFiles/CMakeOutput.log".
[0.076s] Invoked command in '/home/telemaque/maze_ws/build/px4_msgs' returned '1': /usr/bin/cmake /home/telemaque/maze_ws/src/px4_msgs -DAMENT_CMAKE_SYMLINK_INSTALL=1 -DCMAKE_INSTALL_PREFIX=/home/telemaque/maze_ws/install/px4_msgs
